{"numFailedTestSuites":8,"numFailedTests":116,"numPassedTestSuites":0,"numPassedTests":115,"numPendingTestSuites":0,"numPendingTests":0,"numRuntimeErrorTestSuites":0,"numTodoTests":0,"numTotalTestSuites":8,"numTotalTests":231,"openHandles":[],"snapshot":{"added":0,"didUpdate":false,"failure":false,"filesAdded":0,"filesRemoved":0,"filesRemovedList":[],"filesUnmatched":0,"filesUpdated":0,"matched":0,"total":0,"unchecked":0,"uncheckedKeysByFile":[],"unmatched":0,"updated":0},"startTime":1749418879959,"success":false,"testResults":[{"assertionResults":[{"ancestorTitles":["RLSPolicyManager","Policy Definition"],"duration":11,"failureDetails":[],"failureMessages":[],"fullName":"RLSPolicyManager Policy Definition should have all required policies defined","invocations":1,"location":null,"numPassingAsserts":9,"retryReasons":[],"status":"passed","title":"should have all required policies defined"},{"ancestorTitles":["RLSPolicyManager","Policy Definition"],"duration":3,"failureDetails":[],"failureMessages":[],"fullName":"RLSPolicyManager Policy Definition should have policies for all operations on critical tables","invocations":1,"location":null,"numPassingAsserts":3,"retryReasons":[],"status":"passed","title":"should have policies for all operations on critical tables"},{"ancestorTitles":["RLSPolicyManager","Policy Definition"],"duration":1,"failureDetails":[],"failureMessages":[],"fullName":"RLSPolicyManager Policy Definition should include auth.uid() in authenticated policies","invocations":1,"location":null,"numPassingAsserts":0,"retryReasons":[],"status":"passed","title":"should include auth.uid() in authenticated policies"},{"ancestorTitles":["RLSPolicyManager","getPoliciesForTable"],"duration":1,"failureDetails":[],"failureMessages":[],"fullName":"RLSPolicyManager getPoliciesForTable should return all policies for a table","invocations":1,"location":null,"numPassingAsserts":2,"retryReasons":[],"status":"passed","title":"should return all policies for a table"},{"ancestorTitles":["RLSPolicyManager","getPoliciesForTable"],"duration":3,"failureDetails":[],"failureMessages":[],"fullName":"RLSPolicyManager getPoliciesForTable should return empty array for non-existent table","invocations":1,"location":null,"numPassingAsserts":1,"retryReasons":[],"status":"passed","title":"should return empty array for non-existent table"},{"ancestorTitles":["RLSPolicyManager","getPoliciesForOperation"],"duration":1,"failureDetails":[],"failureMessages":[],"fullName":"RLSPolicyManager getPoliciesForOperation should return policies for specific operation","invocations":1,"location":null,"numPassingAsserts":2,"retryReasons":[],"status":"passed","title":"should return policies for specific operation"},{"ancestorTitles":["RLSPolicyManager","getPoliciesForOperation"],"duration":1,"failureDetails":[],"failureMessages":[],"fullName":"RLSPolicyManager getPoliciesForOperation should include ALL policies for any operation","invocations":1,"location":null,"numPassingAsserts":1,"retryReasons":[],"status":"passed","title":"should include ALL policies for any operation"},{"ancestorTitles":["RLSPolicyManager","validatePolicy"],"duration":2,"failureDetails":[],"failureMessages":[],"fullName":"RLSPolicyManager validatePolicy should validate a correct policy","invocations":1,"location":null,"numPassingAsserts":3,"retryReasons":[],"status":"passed","title":"should validate a correct policy"},{"ancestorTitles":["RLSPolicyManager","validatePolicy"],"duration":1,"failureDetails":[],"failureMessages":[],"fullName":"RLSPolicyManager validatePolicy should detect missing required fields","invocations":1,"location":null,"numPassingAsserts":2,"retryReasons":[],"status":"passed","title":"should detect missing required fields"},{"ancestorTitles":["RLSPolicyManager","validatePolicy"],"duration":23,"failureDetails":[],"failureMessages":[],"fullName":"RLSPolicyManager validatePolicy should validate SELECT policies have USING clause","invocations":1,"location":null,"numPassingAsserts":2,"retryReasons":[],"status":"passed","title":"should validate SELECT policies have USING clause"},{"ancestorTitles":["RLSPolicyManager","validatePolicy"],"duration":1,"failureDetails":[],"failureMessages":[],"fullName":"RLSPolicyManager validatePolicy should validate INSERT policies have CHECK clause","invocations":1,"location":null,"numPassingAsserts":2,"retryReasons":[],"status":"passed","title":"should validate INSERT policies have CHECK clause"},{"ancestorTitles":["RLSPolicyManager","validatePolicy"],"duration":1,"failureDetails":[],"failureMessages":[],"fullName":"RLSPolicyManager validatePolicy should warn about missing auth.uid() in authenticated policies","invocations":1,"location":null,"numPassingAsserts":2,"retryReasons":[],"status":"passed","title":"should warn about missing auth.uid() in authenticated policies"},{"ancestorTitles":["RLSPolicyManager","validatePolicy"],"duration":1,"failureDetails":[],"failureMessages":[],"fullName":"RLSPolicyManager validatePolicy should detect SQL injection patterns","invocations":1,"location":null,"numPassingAsserts":2,"retryReasons":[],"status":"passed","title":"should detect SQL injection patterns"},{"ancestorTitles":["RLSPolicyManager","validateAllPolicies"],"duration":5,"failureDetails":[{"matcherResult":{"actual":4,"expected":0,"message":"expect(received).toBe(expected) // Object.is equality\n\nExpected: 0\nReceived: 4","name":"toBe","pass":false}}],"failureMessages":["Error: expect(received).toBe(expected) // Object.is equality\n\nExpected: 0\nReceived: 4\n    at Object.toBe (/home/locklearwyatt/projects/medcontracthub/__tests__/lib/db/security/rls-policies.test.ts:207:38)\n    at Promise.then.completed (/home/locklearwyatt/projects/medcontracthub/node_modules/jest-circus/build/utils.js:298:28)\n    at new Promise (<anonymous>)\n    at callAsyncCircusFn (/home/locklearwyatt/projects/medcontracthub/node_modules/jest-circus/build/utils.js:231:10)\n    at _callCircusTest (/home/locklearwyatt/projects/medcontracthub/node_modules/jest-circus/build/run.js:316:40)\n    at processTicksAndRejections (node:internal/process/task_queues:105:5)\n    at _runTest (/home/locklearwyatt/projects/medcontracthub/node_modules/jest-circus/build/run.js:252:3)\n    at _runTestsForDescribeBlock (/home/locklearwyatt/projects/medcontracthub/node_modules/jest-circus/build/run.js:126:9)\n    at _runTestsForDescribeBlock (/home/locklearwyatt/projects/medcontracthub/node_modules/jest-circus/build/run.js:121:9)\n    at _runTestsForDescribeBlock (/home/locklearwyatt/projects/medcontracthub/node_modules/jest-circus/build/run.js:121:9)\n    at run (/home/locklearwyatt/projects/medcontracthub/node_modules/jest-circus/build/run.js:71:3)\n    at runAndTransformResultsToJestFormat (/home/locklearwyatt/projects/medcontracthub/node_modules/jest-circus/build/legacy-code-todo-rewrite/jestAdapterInit.js:122:21)\n    at jestAdapter (/home/locklearwyatt/projects/medcontracthub/node_modules/jest-circus/build/legacy-code-todo-rewrite/jestAdapter.js:79:19)\n    at runTestInternal (/home/locklearwyatt/projects/medcontracthub/node_modules/jest-runner/build/runTest.js:367:16)\n    at runTest (/home/locklearwyatt/projects/medcontracthub/node_modules/jest-runner/build/runTest.js:444:34)\n    at Object.worker (/home/locklearwyatt/projects/medcontracthub/node_modules/jest-runner/build/testWorker.js:106:12)"],"fullName":"RLSPolicyManager validateAllPolicies should validate all defined policies","invocations":1,"location":null,"numPassingAsserts":1,"retryReasons":[],"status":"failed","title":"should validate all defined policies"},{"ancestorTitles":["RLSPolicyManager","testAccess"],"duration":2,"failureDetails":[],"failureMessages":[],"fullName":"RLSPolicyManager testAccess should test user access to a resource","invocations":1,"location":null,"numPassingAsserts":3,"retryReasons":[],"status":"passed","title":"should test user access to a resource"},{"ancestorTitles":["RLSPolicyManager","testAccess"],"duration":2,"failureDetails":[],"failureMessages":[],"fullName":"RLSPolicyManager testAccess should return false when access denied","invocations":1,"location":null,"numPassingAsserts":1,"retryReasons":[],"status":"passed","title":"should return false when access denied"},{"ancestorTitles":["RLSPolicyManager","testAccess"],"duration":1,"failureDetails":[],"failureMessages":[],"fullName":"RLSPolicyManager testAccess should handle missing policies","invocations":1,"location":null,"numPassingAsserts":1,"retryReasons":[],"status":"passed","title":"should handle missing policies"},{"ancestorTitles":["RLSPolicyManager","generatePolicySQL"],"duration":2,"failureDetails":[],"failureMessages":[],"fullName":"RLSPolicyManager generatePolicySQL should generate correct SQL for SELECT policy","invocations":1,"location":null,"numPassingAsserts":6,"retryReasons":[],"status":"passed","title":"should generate correct SQL for SELECT policy"},{"ancestorTitles":["RLSPolicyManager","generatePolicySQL"],"duration":2,"failureDetails":[],"failureMessages":[],"fullName":"RLSPolicyManager generatePolicySQL should generate correct SQL for INSERT policy","invocations":1,"location":null,"numPassingAsserts":4,"retryReasons":[],"status":"passed","title":"should generate correct SQL for INSERT policy"},{"ancestorTitles":["RLSPolicyManager","generatePolicySQL"],"duration":0,"failureDetails":[],"failureMessages":[],"fullName":"RLSPolicyManager generatePolicySQL should handle policies with both USING and CHECK","invocations":1,"location":null,"numPassingAsserts":2,"retryReasons":[],"status":"passed","title":"should handle policies with both USING and CHECK"},{"ancestorTitles":["RLSPolicyManager","generateDocumentation"],"duration":2,"failureDetails":[],"failureMessages":[],"fullName":"RLSPolicyManager generateDocumentation should generate markdown documentation","invocations":1,"location":null,"numPassingAsserts":8,"retryReasons":[],"status":"passed","title":"should generate markdown documentation"},{"ancestorTitles":["RLSPolicyManager","generateDocumentation"],"duration":6,"failureDetails":[],"failureMessages":[],"fullName":"RLSPolicyManager generateDocumentation should include all policies in documentation","invocations":1,"location":null,"numPassingAsserts":46,"retryReasons":[],"status":"passed","title":"should include all policies in documentation"},{"ancestorTitles":["RLSPolicyManager","auditPolicies"],"duration":11,"failureDetails":[{}],"failureMessages":["TypeError: (currentPolicies || []).map is not a function\n    at RLSPolicyManager.map [as auditPolicies] (/home/locklearwyatt/projects/medcontracthub/lib/db/security/rls-policies.ts:466:33)\n    at processTicksAndRejections (node:internal/process/task_queues:105:5)\n    at Object.<anonymous> (/home/locklearwyatt/projects/medcontracthub/__tests__/lib/db/security/rls-policies.test.ts:367:21)"],"fullName":"RLSPolicyManager auditPolicies should audit current vs expected policies","invocations":1,"location":null,"numPassingAsserts":0,"retryReasons":[],"status":"failed","title":"should audit current vs expected policies"},{"ancestorTitles":["RLSPolicyManager","auditPolicies"],"duration":3,"failureDetails":[],"failureMessages":[],"fullName":"RLSPolicyManager auditPolicies should handle RPC errors","invocations":1,"location":null,"numPassingAsserts":1,"retryReasons":[],"status":"passed","title":"should handle RPC errors"},{"ancestorTitles":["RLSPolicyManager","Policy Coverage"],"duration":2,"failureDetails":[],"failureMessages":[],"fullName":"RLSPolicyManager Policy Coverage should have complete coverage for authenticated users","invocations":1,"location":null,"numPassingAsserts":8,"retryReasons":[],"status":"passed","title":"should have complete coverage for authenticated users"},{"ancestorTitles":["RLSPolicyManager","Policy Coverage"],"duration":1,"failureDetails":[],"failureMessages":[],"fullName":"RLSPolicyManager Policy Coverage should restrict service-only operations","invocations":1,"location":null,"numPassingAsserts":2,"retryReasons":[],"status":"passed","title":"should restrict service-only operations"},{"ancestorTitles":["RLSPolicyManager","Policy Coverage"],"duration":1,"failureDetails":[],"failureMessages":[],"fullName":"RLSPolicyManager Policy Coverage should enforce company isolation","invocations":1,"location":null,"numPassingAsserts":3,"retryReasons":[],"status":"passed","title":"should enforce company isolation"}],"endTime":1749418882267,"message":"  ● RLSPolicyManager › validateAllPolicies › should validate all defined policies\n\n    expect(received).toBe(expected) // Object.is equality\n\n    Expected: 0\n    Received: 4\n\n      205 |\n      206 |       expect(results.valid.length).toBeGreaterThan(0)\n    > 207 |       expect(results.invalid.length).toBe(0) // All our policies should be valid\n          |                                      ^\n      208 |       \n      209 |       // Log any warnings for review\n      210 |       if (results.warnings.length > 0) {\n\n      at Object.toBe (__tests__/lib/db/security/rls-policies.test.ts:207:38)\n\n  ● RLSPolicyManager › auditPolicies › should audit current vs expected policies\n\n    TypeError: (currentPolicies || []).map is not a function\n\n      464 |\n      465 |       const implementedNames = new Set(\n    > 466 |         (currentPolicies || []).map((p: any) => p.policyname)\n          |                                 ^\n      467 |       )\n      468 |       \n      469 |       const expectedNames = new Set(\n\n      at RLSPolicyManager.map [as auditPolicies] (lib/db/security/rls-policies.ts:466:33)\n      at Object.<anonymous> (__tests__/lib/db/security/rls-policies.test.ts:367:21)\n","name":"/home/locklearwyatt/projects/medcontracthub/__tests__/lib/db/security/rls-policies.test.ts","startTime":1749418881391,"status":"failed","summary":""},{"assertionResults":[{"ancestorTitles":["UserRepository","findByIdWithCompany"],"duration":8,"failureDetails":[{}],"failureMessages":["TypeError: repository.findByIdWithCompany is not a function\n    at Object.findByIdWithCompany (/home/locklearwyatt/projects/medcontracthub/__tests__/lib/db/repositories/user.repository.test.ts:52:39)\n    at Promise.then.completed (/home/locklearwyatt/projects/medcontracthub/node_modules/jest-circus/build/utils.js:298:28)\n    at new Promise (<anonymous>)\n    at callAsyncCircusFn (/home/locklearwyatt/projects/medcontracthub/node_modules/jest-circus/build/utils.js:231:10)\n    at _callCircusTest (/home/locklearwyatt/projects/medcontracthub/node_modules/jest-circus/build/run.js:316:40)\n    at processTicksAndRejections (node:internal/process/task_queues:105:5)\n    at _runTest (/home/locklearwyatt/projects/medcontracthub/node_modules/jest-circus/build/run.js:252:3)\n    at _runTestsForDescribeBlock (/home/locklearwyatt/projects/medcontracthub/node_modules/jest-circus/build/run.js:126:9)\n    at _runTestsForDescribeBlock (/home/locklearwyatt/projects/medcontracthub/node_modules/jest-circus/build/run.js:121:9)\n    at _runTestsForDescribeBlock (/home/locklearwyatt/projects/medcontracthub/node_modules/jest-circus/build/run.js:121:9)\n    at run (/home/locklearwyatt/projects/medcontracthub/node_modules/jest-circus/build/run.js:71:3)\n    at runAndTransformResultsToJestFormat (/home/locklearwyatt/projects/medcontracthub/node_modules/jest-circus/build/legacy-code-todo-rewrite/jestAdapterInit.js:122:21)\n    at jestAdapter (/home/locklearwyatt/projects/medcontracthub/node_modules/jest-circus/build/legacy-code-todo-rewrite/jestAdapter.js:79:19)\n    at runTestInternal (/home/locklearwyatt/projects/medcontracthub/node_modules/jest-runner/build/runTest.js:367:16)\n    at runTest (/home/locklearwyatt/projects/medcontracthub/node_modules/jest-runner/build/runTest.js:444:34)\n    at Object.worker (/home/locklearwyatt/projects/medcontracthub/node_modules/jest-runner/build/testWorker.js:106:12)"],"fullName":"UserRepository findByIdWithCompany should get user profile with company details","invocations":1,"location":null,"numPassingAsserts":0,"retryReasons":[],"status":"failed","title":"should get user profile with company details"},{"ancestorTitles":["UserRepository","findByIdWithCompany"],"duration":2,"failureDetails":[{}],"failureMessages":["TypeError: repository.findByIdWithCompany is not a function\n    at Object.findByIdWithCompany (/home/locklearwyatt/projects/medcontracthub/__tests__/lib/db/repositories/user.repository.test.ts:72:39)\n    at Promise.then.completed (/home/locklearwyatt/projects/medcontracthub/node_modules/jest-circus/build/utils.js:298:28)\n    at new Promise (<anonymous>)\n    at callAsyncCircusFn (/home/locklearwyatt/projects/medcontracthub/node_modules/jest-circus/build/utils.js:231:10)\n    at _callCircusTest (/home/locklearwyatt/projects/medcontracthub/node_modules/jest-circus/build/run.js:316:40)\n    at processTicksAndRejections (node:internal/process/task_queues:105:5)\n    at _runTest (/home/locklearwyatt/projects/medcontracthub/node_modules/jest-circus/build/run.js:252:3)\n    at _runTestsForDescribeBlock (/home/locklearwyatt/projects/medcontracthub/node_modules/jest-circus/build/run.js:126:9)\n    at _runTestsForDescribeBlock (/home/locklearwyatt/projects/medcontracthub/node_modules/jest-circus/build/run.js:121:9)\n    at _runTestsForDescribeBlock (/home/locklearwyatt/projects/medcontracthub/node_modules/jest-circus/build/run.js:121:9)\n    at run (/home/locklearwyatt/projects/medcontracthub/node_modules/jest-circus/build/run.js:71:3)\n    at runAndTransformResultsToJestFormat (/home/locklearwyatt/projects/medcontracthub/node_modules/jest-circus/build/legacy-code-todo-rewrite/jestAdapterInit.js:122:21)\n    at jestAdapter (/home/locklearwyatt/projects/medcontracthub/node_modules/jest-circus/build/legacy-code-todo-rewrite/jestAdapter.js:79:19)\n    at runTestInternal (/home/locklearwyatt/projects/medcontracthub/node_modules/jest-runner/build/runTest.js:367:16)\n    at runTest (/home/locklearwyatt/projects/medcontracthub/node_modules/jest-runner/build/runTest.js:444:34)\n    at Object.worker (/home/locklearwyatt/projects/medcontracthub/node_modules/jest-runner/build/testWorker.js:106:12)"],"fullName":"UserRepository findByIdWithCompany should return null when user not found","invocations":1,"location":null,"numPassingAsserts":0,"retryReasons":[],"status":"failed","title":"should return null when user not found"},{"ancestorTitles":["UserRepository","findByEmail"],"duration":1,"failureDetails":[{}],"failureMessages":["TypeError: repository.findByEmail is not a function\n    at Object.findByEmail (/home/locklearwyatt/projects/medcontracthub/__tests__/lib/db/repositories/user.repository.test.ts:87:39)\n    at Promise.then.completed (/home/locklearwyatt/projects/medcontracthub/node_modules/jest-circus/build/utils.js:298:28)\n    at new Promise (<anonymous>)\n    at callAsyncCircusFn (/home/locklearwyatt/projects/medcontracthub/node_modules/jest-circus/build/utils.js:231:10)\n    at _callCircusTest (/home/locklearwyatt/projects/medcontracthub/node_modules/jest-circus/build/run.js:316:40)\n    at processTicksAndRejections (node:internal/process/task_queues:105:5)\n    at _runTest (/home/locklearwyatt/projects/medcontracthub/node_modules/jest-circus/build/run.js:252:3)\n    at _runTestsForDescribeBlock (/home/locklearwyatt/projects/medcontracthub/node_modules/jest-circus/build/run.js:126:9)\n    at _runTestsForDescribeBlock (/home/locklearwyatt/projects/medcontracthub/node_modules/jest-circus/build/run.js:121:9)\n    at _runTestsForDescribeBlock (/home/locklearwyatt/projects/medcontracthub/node_modules/jest-circus/build/run.js:121:9)\n    at run (/home/locklearwyatt/projects/medcontracthub/node_modules/jest-circus/build/run.js:71:3)\n    at runAndTransformResultsToJestFormat (/home/locklearwyatt/projects/medcontracthub/node_modules/jest-circus/build/legacy-code-todo-rewrite/jestAdapterInit.js:122:21)\n    at jestAdapter (/home/locklearwyatt/projects/medcontracthub/node_modules/jest-circus/build/legacy-code-todo-rewrite/jestAdapter.js:79:19)\n    at runTestInternal (/home/locklearwyatt/projects/medcontracthub/node_modules/jest-runner/build/runTest.js:367:16)\n    at runTest (/home/locklearwyatt/projects/medcontracthub/node_modules/jest-runner/build/runTest.js:444:34)\n    at Object.worker (/home/locklearwyatt/projects/medcontracthub/node_modules/jest-runner/build/testWorker.js:106:12)"],"fullName":"UserRepository findByEmail should find user by email address","invocations":1,"location":null,"numPassingAsserts":0,"retryReasons":[],"status":"failed","title":"should find user by email address"},{"ancestorTitles":["UserRepository","findByEmail"],"duration":1,"failureDetails":[{}],"failureMessages":["TypeError: repository.findByEmail is not a function\n    at Object.findByEmail (/home/locklearwyatt/projects/medcontracthub/__tests__/lib/db/repositories/user.repository.test.ts:104:24)\n    at Promise.then.completed (/home/locklearwyatt/projects/medcontracthub/node_modules/jest-circus/build/utils.js:298:28)\n    at new Promise (<anonymous>)\n    at callAsyncCircusFn (/home/locklearwyatt/projects/medcontracthub/node_modules/jest-circus/build/utils.js:231:10)\n    at _callCircusTest (/home/locklearwyatt/projects/medcontracthub/node_modules/jest-circus/build/run.js:316:40)\n    at processTicksAndRejections (node:internal/process/task_queues:105:5)\n    at _runTest (/home/locklearwyatt/projects/medcontracthub/node_modules/jest-circus/build/run.js:252:3)\n    at _runTestsForDescribeBlock (/home/locklearwyatt/projects/medcontracthub/node_modules/jest-circus/build/run.js:126:9)\n    at _runTestsForDescribeBlock (/home/locklearwyatt/projects/medcontracthub/node_modules/jest-circus/build/run.js:121:9)\n    at _runTestsForDescribeBlock (/home/locklearwyatt/projects/medcontracthub/node_modules/jest-circus/build/run.js:121:9)\n    at run (/home/locklearwyatt/projects/medcontracthub/node_modules/jest-circus/build/run.js:71:3)\n    at runAndTransformResultsToJestFormat (/home/locklearwyatt/projects/medcontracthub/node_modules/jest-circus/build/legacy-code-todo-rewrite/jestAdapterInit.js:122:21)\n    at jestAdapter (/home/locklearwyatt/projects/medcontracthub/node_modules/jest-circus/build/legacy-code-todo-rewrite/jestAdapter.js:79:19)\n    at runTestInternal (/home/locklearwyatt/projects/medcontracthub/node_modules/jest-runner/build/runTest.js:367:16)\n    at runTest (/home/locklearwyatt/projects/medcontracthub/node_modules/jest-runner/build/runTest.js:444:34)\n    at Object.worker (/home/locklearwyatt/projects/medcontracthub/node_modules/jest-runner/build/testWorker.js:106:12)"],"fullName":"UserRepository findByEmail should normalize email to lowercase","invocations":1,"location":null,"numPassingAsserts":0,"retryReasons":[],"status":"failed","title":"should normalize email to lowercase"},{"ancestorTitles":["UserRepository","findByEmail"],"duration":1,"failureDetails":[{}],"failureMessages":["TypeError: repository.findByEmail is not a function\n    at Object.findByEmail (/home/locklearwyatt/projects/medcontracthub/__tests__/lib/db/repositories/user.repository.test.ts:118:39)\n    at Promise.then.completed (/home/locklearwyatt/projects/medcontracthub/node_modules/jest-circus/build/utils.js:298:28)\n    at new Promise (<anonymous>)\n    at callAsyncCircusFn (/home/locklearwyatt/projects/medcontracthub/node_modules/jest-circus/build/utils.js:231:10)\n    at _callCircusTest (/home/locklearwyatt/projects/medcontracthub/node_modules/jest-circus/build/run.js:316:40)\n    at processTicksAndRejections (node:internal/process/task_queues:105:5)\n    at _runTest (/home/locklearwyatt/projects/medcontracthub/node_modules/jest-circus/build/run.js:252:3)\n    at _runTestsForDescribeBlock (/home/locklearwyatt/projects/medcontracthub/node_modules/jest-circus/build/run.js:126:9)\n    at _runTestsForDescribeBlock (/home/locklearwyatt/projects/medcontracthub/node_modules/jest-circus/build/run.js:121:9)\n    at _runTestsForDescribeBlock (/home/locklearwyatt/projects/medcontracthub/node_modules/jest-circus/build/run.js:121:9)\n    at run (/home/locklearwyatt/projects/medcontracthub/node_modules/jest-circus/build/run.js:71:3)\n    at runAndTransformResultsToJestFormat (/home/locklearwyatt/projects/medcontracthub/node_modules/jest-circus/build/legacy-code-todo-rewrite/jestAdapterInit.js:122:21)\n    at jestAdapter (/home/locklearwyatt/projects/medcontracthub/node_modules/jest-circus/build/legacy-code-todo-rewrite/jestAdapter.js:79:19)\n    at runTestInternal (/home/locklearwyatt/projects/medcontracthub/node_modules/jest-runner/build/runTest.js:367:16)\n    at runTest (/home/locklearwyatt/projects/medcontracthub/node_modules/jest-runner/build/runTest.js:444:34)\n    at Object.worker (/home/locklearwyatt/projects/medcontracthub/node_modules/jest-runner/build/testWorker.js:106:12)"],"fullName":"UserRepository findByEmail should return null when email not found","invocations":1,"location":null,"numPassingAsserts":0,"retryReasons":[],"status":"failed","title":"should return null when email not found"},{"ancestorTitles":["UserRepository","updatePreferences"],"duration":3,"failureDetails":[{"name":"NotFoundError","code":"RECORD_NOT_FOUND","statusCode":404,"timestamp":"2025-06-08T21:41:22.097Z","isOperational":true}],"failureMessages":["NotFoundError: User profile not found not found\n    at UserRepository.updatePreferences (/home/locklearwyatt/projects/medcontracthub/lib/db/repositories/user.repository.ts:268:15)\n    at processTicksAndRejections (node:internal/process/task_queues:105:5)\n    at Object.<anonymous> (/home/locklearwyatt/projects/medcontracthub/__tests__/lib/db/repositories/user.repository.test.ts:156:22)"],"fullName":"UserRepository updatePreferences should update user preferences","invocations":1,"location":null,"numPassingAsserts":0,"retryReasons":[],"status":"failed","title":"should update user preferences"},{"ancestorTitles":["UserRepository","updatePreferences"],"duration":41,"failureDetails":[],"failureMessages":[],"fullName":"UserRepository updatePreferences should merge preferences with existing ones","invocations":1,"location":null,"numPassingAsserts":3,"retryReasons":[],"status":"passed","title":"should merge preferences with existing ones"},{"ancestorTitles":["UserRepository","updatePreferences"],"duration":4,"failureDetails":[],"failureMessages":[],"fullName":"UserRepository updatePreferences should handle missing preferences gracefully","invocations":1,"location":null,"numPassingAsserts":1,"retryReasons":[],"status":"passed","title":"should handle missing preferences gracefully"},{"ancestorTitles":["UserRepository","updateOnboardingStatus"],"duration":2,"failureDetails":[{}],"failureMessages":["TypeError: repository.updateOnboardingStatus is not a function\n    at Object.updateOnboardingStatus (/home/locklearwyatt/projects/medcontracthub/__tests__/lib/db/repositories/user.repository.test.ts:245:39)\n    at Promise.then.completed (/home/locklearwyatt/projects/medcontracthub/node_modules/jest-circus/build/utils.js:298:28)\n    at new Promise (<anonymous>)\n    at callAsyncCircusFn (/home/locklearwyatt/projects/medcontracthub/node_modules/jest-circus/build/utils.js:231:10)\n    at _callCircusTest (/home/locklearwyatt/projects/medcontracthub/node_modules/jest-circus/build/run.js:316:40)\n    at processTicksAndRejections (node:internal/process/task_queues:105:5)\n    at _runTest (/home/locklearwyatt/projects/medcontracthub/node_modules/jest-circus/build/run.js:252:3)\n    at _runTestsForDescribeBlock (/home/locklearwyatt/projects/medcontracthub/node_modules/jest-circus/build/run.js:126:9)\n    at _runTestsForDescribeBlock (/home/locklearwyatt/projects/medcontracthub/node_modules/jest-circus/build/run.js:121:9)\n    at _runTestsForDescribeBlock (/home/locklearwyatt/projects/medcontracthub/node_modules/jest-circus/build/run.js:121:9)\n    at run (/home/locklearwyatt/projects/medcontracthub/node_modules/jest-circus/build/run.js:71:3)\n    at runAndTransformResultsToJestFormat (/home/locklearwyatt/projects/medcontracthub/node_modules/jest-circus/build/legacy-code-todo-rewrite/jestAdapterInit.js:122:21)\n    at jestAdapter (/home/locklearwyatt/projects/medcontracthub/node_modules/jest-circus/build/legacy-code-todo-rewrite/jestAdapter.js:79:19)\n    at runTestInternal (/home/locklearwyatt/projects/medcontracthub/node_modules/jest-runner/build/runTest.js:367:16)\n    at runTest (/home/locklearwyatt/projects/medcontracthub/node_modules/jest-runner/build/runTest.js:444:34)\n    at Object.worker (/home/locklearwyatt/projects/medcontracthub/node_modules/jest-runner/build/testWorker.js:106:12)"],"fullName":"UserRepository updateOnboardingStatus should mark onboarding as completed","invocations":1,"location":null,"numPassingAsserts":0,"retryReasons":[],"status":"failed","title":"should mark onboarding as completed"},{"ancestorTitles":["UserRepository","updateOnboardingStatus"],"duration":1,"failureDetails":[{}],"failureMessages":["TypeError: repository.updateOnboardingStatus is not a function\n    at Object.updateOnboardingStatus (/home/locklearwyatt/projects/medcontracthub/__tests__/lib/db/repositories/user.repository.test.ts:272:39)\n    at Promise.then.completed (/home/locklearwyatt/projects/medcontracthub/node_modules/jest-circus/build/utils.js:298:28)\n    at new Promise (<anonymous>)\n    at callAsyncCircusFn (/home/locklearwyatt/projects/medcontracthub/node_modules/jest-circus/build/utils.js:231:10)\n    at _callCircusTest (/home/locklearwyatt/projects/medcontracthub/node_modules/jest-circus/build/run.js:316:40)\n    at processTicksAndRejections (node:internal/process/task_queues:105:5)\n    at _runTest (/home/locklearwyatt/projects/medcontracthub/node_modules/jest-circus/build/run.js:252:3)\n    at _runTestsForDescribeBlock (/home/locklearwyatt/projects/medcontracthub/node_modules/jest-circus/build/run.js:126:9)\n    at _runTestsForDescribeBlock (/home/locklearwyatt/projects/medcontracthub/node_modules/jest-circus/build/run.js:121:9)\n    at _runTestsForDescribeBlock (/home/locklearwyatt/projects/medcontracthub/node_modules/jest-circus/build/run.js:121:9)\n    at run (/home/locklearwyatt/projects/medcontracthub/node_modules/jest-circus/build/run.js:71:3)\n    at runAndTransformResultsToJestFormat (/home/locklearwyatt/projects/medcontracthub/node_modules/jest-circus/build/legacy-code-todo-rewrite/jestAdapterInit.js:122:21)\n    at jestAdapter (/home/locklearwyatt/projects/medcontracthub/node_modules/jest-circus/build/legacy-code-todo-rewrite/jestAdapter.js:79:19)\n    at runTestInternal (/home/locklearwyatt/projects/medcontracthub/node_modules/jest-runner/build/runTest.js:367:16)\n    at runTest (/home/locklearwyatt/projects/medcontracthub/node_modules/jest-runner/build/runTest.js:444:34)\n    at Object.worker (/home/locklearwyatt/projects/medcontracthub/node_modules/jest-runner/build/testWorker.js:106:12)"],"fullName":"UserRepository updateOnboardingStatus should clear completion timestamp when reverting","invocations":1,"location":null,"numPassingAsserts":0,"retryReasons":[],"status":"failed","title":"should clear completion timestamp when reverting"},{"ancestorTitles":["UserRepository","updateLastActivity"],"duration":1,"failureDetails":[{}],"failureMessages":["TypeError: repository.updateLastActivity is not a function\n    at Object.updateLastActivity (/home/locklearwyatt/projects/medcontracthub/__tests__/lib/db/repositories/user.repository.test.ts:297:39)\n    at Promise.then.completed (/home/locklearwyatt/projects/medcontracthub/node_modules/jest-circus/build/utils.js:298:28)\n    at new Promise (<anonymous>)\n    at callAsyncCircusFn (/home/locklearwyatt/projects/medcontracthub/node_modules/jest-circus/build/utils.js:231:10)\n    at _callCircusTest (/home/locklearwyatt/projects/medcontracthub/node_modules/jest-circus/build/run.js:316:40)\n    at processTicksAndRejections (node:internal/process/task_queues:105:5)\n    at _runTest (/home/locklearwyatt/projects/medcontracthub/node_modules/jest-circus/build/run.js:252:3)\n    at _runTestsForDescribeBlock (/home/locklearwyatt/projects/medcontracthub/node_modules/jest-circus/build/run.js:126:9)\n    at _runTestsForDescribeBlock (/home/locklearwyatt/projects/medcontracthub/node_modules/jest-circus/build/run.js:121:9)\n    at _runTestsForDescribeBlock (/home/locklearwyatt/projects/medcontracthub/node_modules/jest-circus/build/run.js:121:9)\n    at run (/home/locklearwyatt/projects/medcontracthub/node_modules/jest-circus/build/run.js:71:3)\n    at runAndTransformResultsToJestFormat (/home/locklearwyatt/projects/medcontracthub/node_modules/jest-circus/build/legacy-code-todo-rewrite/jestAdapterInit.js:122:21)\n    at jestAdapter (/home/locklearwyatt/projects/medcontracthub/node_modules/jest-circus/build/legacy-code-todo-rewrite/jestAdapter.js:79:19)\n    at runTestInternal (/home/locklearwyatt/projects/medcontracthub/node_modules/jest-runner/build/runTest.js:367:16)\n    at runTest (/home/locklearwyatt/projects/medcontracthub/node_modules/jest-runner/build/runTest.js:444:34)\n    at Object.worker (/home/locklearwyatt/projects/medcontracthub/node_modules/jest-runner/build/testWorker.js:106:12)"],"fullName":"UserRepository updateLastActivity should update last activity timestamp","invocations":1,"location":null,"numPassingAsserts":0,"retryReasons":[],"status":"failed","title":"should update last activity timestamp"},{"ancestorTitles":["UserRepository","updateLastActivity"],"duration":1,"failureDetails":[{}],"failureMessages":["TypeError: repository.updateLastActivity is not a function\n    at Object.updateLastActivity (/home/locklearwyatt/projects/medcontracthub/__tests__/lib/db/repositories/user.repository.test.ts:316:31)\n    at Promise.then.completed (/home/locklearwyatt/projects/medcontracthub/node_modules/jest-circus/build/utils.js:298:28)\n    at new Promise (<anonymous>)\n    at callAsyncCircusFn (/home/locklearwyatt/projects/medcontracthub/node_modules/jest-circus/build/utils.js:231:10)\n    at _callCircusTest (/home/locklearwyatt/projects/medcontracthub/node_modules/jest-circus/build/run.js:316:40)\n    at processTicksAndRejections (node:internal/process/task_queues:105:5)\n    at _runTest (/home/locklearwyatt/projects/medcontracthub/node_modules/jest-circus/build/run.js:252:3)\n    at _runTestsForDescribeBlock (/home/locklearwyatt/projects/medcontracthub/node_modules/jest-circus/build/run.js:126:9)\n    at _runTestsForDescribeBlock (/home/locklearwyatt/projects/medcontracthub/node_modules/jest-circus/build/run.js:121:9)\n    at _runTestsForDescribeBlock (/home/locklearwyatt/projects/medcontracthub/node_modules/jest-circus/build/run.js:121:9)\n    at run (/home/locklearwyatt/projects/medcontracthub/node_modules/jest-circus/build/run.js:71:3)\n    at runAndTransformResultsToJestFormat (/home/locklearwyatt/projects/medcontracthub/node_modules/jest-circus/build/legacy-code-todo-rewrite/jestAdapterInit.js:122:21)\n    at jestAdapter (/home/locklearwyatt/projects/medcontracthub/node_modules/jest-circus/build/legacy-code-todo-rewrite/jestAdapter.js:79:19)\n    at runTestInternal (/home/locklearwyatt/projects/medcontracthub/node_modules/jest-runner/build/runTest.js:367:16)\n    at runTest (/home/locklearwyatt/projects/medcontracthub/node_modules/jest-runner/build/runTest.js:444:34)\n    at Object.worker (/home/locklearwyatt/projects/medcontracthub/node_modules/jest-runner/build/testWorker.js:106:12)"],"fullName":"UserRepository updateLastActivity should not throw on update failure","invocations":1,"location":null,"numPassingAsserts":0,"retryReasons":[],"status":"failed","title":"should not throw on update failure"},{"ancestorTitles":["UserRepository","searchByCompany"],"duration":1,"failureDetails":[{}],"failureMessages":["TypeError: repository.searchByCompany is not a function\n    at Object.searchByCompany (/home/locklearwyatt/projects/medcontracthub/__tests__/lib/db/repositories/user.repository.test.ts:332:39)\n    at Promise.then.completed (/home/locklearwyatt/projects/medcontracthub/node_modules/jest-circus/build/utils.js:298:28)\n    at new Promise (<anonymous>)\n    at callAsyncCircusFn (/home/locklearwyatt/projects/medcontracthub/node_modules/jest-circus/build/utils.js:231:10)\n    at _callCircusTest (/home/locklearwyatt/projects/medcontracthub/node_modules/jest-circus/build/run.js:316:40)\n    at processTicksAndRejections (node:internal/process/task_queues:105:5)\n    at _runTest (/home/locklearwyatt/projects/medcontracthub/node_modules/jest-circus/build/run.js:252:3)\n    at _runTestsForDescribeBlock (/home/locklearwyatt/projects/medcontracthub/node_modules/jest-circus/build/run.js:126:9)\n    at _runTestsForDescribeBlock (/home/locklearwyatt/projects/medcontracthub/node_modules/jest-circus/build/run.js:121:9)\n    at _runTestsForDescribeBlock (/home/locklearwyatt/projects/medcontracthub/node_modules/jest-circus/build/run.js:121:9)\n    at run (/home/locklearwyatt/projects/medcontracthub/node_modules/jest-circus/build/run.js:71:3)\n    at runAndTransformResultsToJestFormat (/home/locklearwyatt/projects/medcontracthub/node_modules/jest-circus/build/legacy-code-todo-rewrite/jestAdapterInit.js:122:21)\n    at jestAdapter (/home/locklearwyatt/projects/medcontracthub/node_modules/jest-circus/build/legacy-code-todo-rewrite/jestAdapter.js:79:19)\n    at runTestInternal (/home/locklearwyatt/projects/medcontracthub/node_modules/jest-runner/build/runTest.js:367:16)\n    at runTest (/home/locklearwyatt/projects/medcontracthub/node_modules/jest-runner/build/runTest.js:444:34)\n    at Object.worker (/home/locklearwyatt/projects/medcontracthub/node_modules/jest-runner/build/testWorker.js:106:12)"],"fullName":"UserRepository searchByCompany should search users within company","invocations":1,"location":null,"numPassingAsserts":0,"retryReasons":[],"status":"failed","title":"should search users within company"},{"ancestorTitles":["UserRepository","searchByCompany"],"duration":1,"failureDetails":[{}],"failureMessages":["TypeError: repository.searchByCompany is not a function\n    at Object.searchByCompany (/home/locklearwyatt/projects/medcontracthub/__tests__/lib/db/repositories/user.repository.test.ts:354:39)\n    at Promise.then.completed (/home/locklearwyatt/projects/medcontracthub/node_modules/jest-circus/build/utils.js:298:28)\n    at new Promise (<anonymous>)\n    at callAsyncCircusFn (/home/locklearwyatt/projects/medcontracthub/node_modules/jest-circus/build/utils.js:231:10)\n    at _callCircusTest (/home/locklearwyatt/projects/medcontracthub/node_modules/jest-circus/build/run.js:316:40)\n    at processTicksAndRejections (node:internal/process/task_queues:105:5)\n    at _runTest (/home/locklearwyatt/projects/medcontracthub/node_modules/jest-circus/build/run.js:252:3)\n    at _runTestsForDescribeBlock (/home/locklearwyatt/projects/medcontracthub/node_modules/jest-circus/build/run.js:126:9)\n    at _runTestsForDescribeBlock (/home/locklearwyatt/projects/medcontracthub/node_modules/jest-circus/build/run.js:121:9)\n    at _runTestsForDescribeBlock (/home/locklearwyatt/projects/medcontracthub/node_modules/jest-circus/build/run.js:121:9)\n    at run (/home/locklearwyatt/projects/medcontracthub/node_modules/jest-circus/build/run.js:71:3)\n    at runAndTransformResultsToJestFormat (/home/locklearwyatt/projects/medcontracthub/node_modules/jest-circus/build/legacy-code-todo-rewrite/jestAdapterInit.js:122:21)\n    at jestAdapter (/home/locklearwyatt/projects/medcontracthub/node_modules/jest-circus/build/legacy-code-todo-rewrite/jestAdapter.js:79:19)\n    at runTestInternal (/home/locklearwyatt/projects/medcontracthub/node_modules/jest-runner/build/runTest.js:367:16)\n    at runTest (/home/locklearwyatt/projects/medcontracthub/node_modules/jest-runner/build/runTest.js:444:34)\n    at Object.worker (/home/locklearwyatt/projects/medcontracthub/node_modules/jest-runner/build/testWorker.js:106:12)"],"fullName":"UserRepository searchByCompany should filter by role","invocations":1,"location":null,"numPassingAsserts":0,"retryReasons":[],"status":"failed","title":"should filter by role"},{"ancestorTitles":["UserRepository","searchByCompany"],"duration":1,"failureDetails":[{}],"failureMessages":["TypeError: repository.searchByCompany is not a function\n    at Object.searchByCompany (/home/locklearwyatt/projects/medcontracthub/__tests__/lib/db/repositories/user.repository.test.ts:373:24)\n    at Promise.then.completed (/home/locklearwyatt/projects/medcontracthub/node_modules/jest-circus/build/utils.js:298:28)\n    at new Promise (<anonymous>)\n    at callAsyncCircusFn (/home/locklearwyatt/projects/medcontracthub/node_modules/jest-circus/build/utils.js:231:10)\n    at _callCircusTest (/home/locklearwyatt/projects/medcontracthub/node_modules/jest-circus/build/run.js:316:40)\n    at processTicksAndRejections (node:internal/process/task_queues:105:5)\n    at _runTest (/home/locklearwyatt/projects/medcontracthub/node_modules/jest-circus/build/run.js:252:3)\n    at _runTestsForDescribeBlock (/home/locklearwyatt/projects/medcontracthub/node_modules/jest-circus/build/run.js:126:9)\n    at _runTestsForDescribeBlock (/home/locklearwyatt/projects/medcontracthub/node_modules/jest-circus/build/run.js:121:9)\n    at _runTestsForDescribeBlock (/home/locklearwyatt/projects/medcontracthub/node_modules/jest-circus/build/run.js:121:9)\n    at run (/home/locklearwyatt/projects/medcontracthub/node_modules/jest-circus/build/run.js:71:3)\n    at runAndTransformResultsToJestFormat (/home/locklearwyatt/projects/medcontracthub/node_modules/jest-circus/build/legacy-code-todo-rewrite/jestAdapterInit.js:122:21)\n    at jestAdapter (/home/locklearwyatt/projects/medcontracthub/node_modules/jest-circus/build/legacy-code-todo-rewrite/jestAdapter.js:79:19)\n    at runTestInternal (/home/locklearwyatt/projects/medcontracthub/node_modules/jest-runner/build/runTest.js:367:16)\n    at runTest (/home/locklearwyatt/projects/medcontracthub/node_modules/jest-runner/build/runTest.js:444:34)\n    at Object.worker (/home/locklearwyatt/projects/medcontracthub/node_modules/jest-runner/build/testWorker.js:106:12)"],"fullName":"UserRepository searchByCompany should filter by department","invocations":1,"location":null,"numPassingAsserts":0,"retryReasons":[],"status":"failed","title":"should filter by department"},{"ancestorTitles":["UserRepository","searchByCompany"],"duration":1,"failureDetails":[{}],"failureMessages":["TypeError: repository.searchByCompany is not a function\n    at Object.searchByCompany (/home/locklearwyatt/projects/medcontracthub/__tests__/lib/db/repositories/user.repository.test.ts:392:24)\n    at Promise.then.completed (/home/locklearwyatt/projects/medcontracthub/node_modules/jest-circus/build/utils.js:298:28)\n    at new Promise (<anonymous>)\n    at callAsyncCircusFn (/home/locklearwyatt/projects/medcontracthub/node_modules/jest-circus/build/utils.js:231:10)\n    at _callCircusTest (/home/locklearwyatt/projects/medcontracthub/node_modules/jest-circus/build/run.js:316:40)\n    at processTicksAndRejections (node:internal/process/task_queues:105:5)\n    at _runTest (/home/locklearwyatt/projects/medcontracthub/node_modules/jest-circus/build/run.js:252:3)\n    at _runTestsForDescribeBlock (/home/locklearwyatt/projects/medcontracthub/node_modules/jest-circus/build/run.js:126:9)\n    at _runTestsForDescribeBlock (/home/locklearwyatt/projects/medcontracthub/node_modules/jest-circus/build/run.js:121:9)\n    at _runTestsForDescribeBlock (/home/locklearwyatt/projects/medcontracthub/node_modules/jest-circus/build/run.js:121:9)\n    at run (/home/locklearwyatt/projects/medcontracthub/node_modules/jest-circus/build/run.js:71:3)\n    at runAndTransformResultsToJestFormat (/home/locklearwyatt/projects/medcontracthub/node_modules/jest-circus/build/legacy-code-todo-rewrite/jestAdapterInit.js:122:21)\n    at jestAdapter (/home/locklearwyatt/projects/medcontracthub/node_modules/jest-circus/build/legacy-code-todo-rewrite/jestAdapter.js:79:19)\n    at runTestInternal (/home/locklearwyatt/projects/medcontracthub/node_modules/jest-runner/build/runTest.js:367:16)\n    at runTest (/home/locklearwyatt/projects/medcontracthub/node_modules/jest-runner/build/runTest.js:444:34)\n    at Object.worker (/home/locklearwyatt/projects/medcontracthub/node_modules/jest-runner/build/testWorker.js:106:12)"],"fullName":"UserRepository searchByCompany should filter by active status","invocations":1,"location":null,"numPassingAsserts":0,"retryReasons":[],"status":"failed","title":"should filter by active status"},{"ancestorTitles":["UserRepository","searchByCompany"],"duration":1,"failureDetails":[{}],"failureMessages":["TypeError: repository.searchByCompany is not a function\n    at Object.searchByCompany (/home/locklearwyatt/projects/medcontracthub/__tests__/lib/db/repositories/user.repository.test.ts:411:24)\n    at Promise.then.completed (/home/locklearwyatt/projects/medcontracthub/node_modules/jest-circus/build/utils.js:298:28)\n    at new Promise (<anonymous>)\n    at callAsyncCircusFn (/home/locklearwyatt/projects/medcontracthub/node_modules/jest-circus/build/utils.js:231:10)\n    at _callCircusTest (/home/locklearwyatt/projects/medcontracthub/node_modules/jest-circus/build/run.js:316:40)\n    at processTicksAndRejections (node:internal/process/task_queues:105:5)\n    at _runTest (/home/locklearwyatt/projects/medcontracthub/node_modules/jest-circus/build/run.js:252:3)\n    at _runTestsForDescribeBlock (/home/locklearwyatt/projects/medcontracthub/node_modules/jest-circus/build/run.js:126:9)\n    at _runTestsForDescribeBlock (/home/locklearwyatt/projects/medcontracthub/node_modules/jest-circus/build/run.js:121:9)\n    at _runTestsForDescribeBlock (/home/locklearwyatt/projects/medcontracthub/node_modules/jest-circus/build/run.js:121:9)\n    at run (/home/locklearwyatt/projects/medcontracthub/node_modules/jest-circus/build/run.js:71:3)\n    at runAndTransformResultsToJestFormat (/home/locklearwyatt/projects/medcontracthub/node_modules/jest-circus/build/legacy-code-todo-rewrite/jestAdapterInit.js:122:21)\n    at jestAdapter (/home/locklearwyatt/projects/medcontracthub/node_modules/jest-circus/build/legacy-code-todo-rewrite/jestAdapter.js:79:19)\n    at runTestInternal (/home/locklearwyatt/projects/medcontracthub/node_modules/jest-runner/build/runTest.js:367:16)\n    at runTest (/home/locklearwyatt/projects/medcontracthub/node_modules/jest-runner/build/runTest.js:444:34)\n    at Object.worker (/home/locklearwyatt/projects/medcontracthub/node_modules/jest-runner/build/testWorker.js:106:12)"],"fullName":"UserRepository searchByCompany should order results by name","invocations":1,"location":null,"numPassingAsserts":0,"retryReasons":[],"status":"failed","title":"should order results by name"},{"ancestorTitles":["UserRepository","getActivity"],"duration":1,"failureDetails":[{}],"failureMessages":["TypeError: repository.getActivity is not a function\n    at Object.getActivity (/home/locklearwyatt/projects/medcontracthub/__tests__/lib/db/repositories/user.repository.test.ts:465:39)\n    at Promise.then.completed (/home/locklearwyatt/projects/medcontracthub/node_modules/jest-circus/build/utils.js:298:28)\n    at new Promise (<anonymous>)\n    at callAsyncCircusFn (/home/locklearwyatt/projects/medcontracthub/node_modules/jest-circus/build/utils.js:231:10)\n    at _callCircusTest (/home/locklearwyatt/projects/medcontracthub/node_modules/jest-circus/build/run.js:316:40)\n    at processTicksAndRejections (node:internal/process/task_queues:105:5)\n    at _runTest (/home/locklearwyatt/projects/medcontracthub/node_modules/jest-circus/build/run.js:252:3)\n    at _runTestsForDescribeBlock (/home/locklearwyatt/projects/medcontracthub/node_modules/jest-circus/build/run.js:126:9)\n    at _runTestsForDescribeBlock (/home/locklearwyatt/projects/medcontracthub/node_modules/jest-circus/build/run.js:121:9)\n    at _runTestsForDescribeBlock (/home/locklearwyatt/projects/medcontracthub/node_modules/jest-circus/build/run.js:121:9)\n    at run (/home/locklearwyatt/projects/medcontracthub/node_modules/jest-circus/build/run.js:71:3)\n    at runAndTransformResultsToJestFormat (/home/locklearwyatt/projects/medcontracthub/node_modules/jest-circus/build/legacy-code-todo-rewrite/jestAdapterInit.js:122:21)\n    at jestAdapter (/home/locklearwyatt/projects/medcontracthub/node_modules/jest-circus/build/legacy-code-todo-rewrite/jestAdapter.js:79:19)\n    at runTestInternal (/home/locklearwyatt/projects/medcontracthub/node_modules/jest-runner/build/runTest.js:367:16)\n    at runTest (/home/locklearwyatt/projects/medcontracthub/node_modules/jest-runner/build/runTest.js:444:34)\n    at Object.worker (/home/locklearwyatt/projects/medcontracthub/node_modules/jest-runner/build/testWorker.js:106:12)"],"fullName":"UserRepository getActivity should get user activity summary","invocations":1,"location":null,"numPassingAsserts":0,"retryReasons":[],"status":"failed","title":"should get user activity summary"},{"ancestorTitles":["UserRepository","getActivity"],"duration":1,"failureDetails":[{}],"failureMessages":["TypeError: repository.getActivity is not a function\n    at Object.getActivity (/home/locklearwyatt/projects/medcontracthub/__tests__/lib/db/repositories/user.repository.test.ts:491:39)\n    at Promise.then.completed (/home/locklearwyatt/projects/medcontracthub/node_modules/jest-circus/build/utils.js:298:28)\n    at new Promise (<anonymous>)\n    at callAsyncCircusFn (/home/locklearwyatt/projects/medcontracthub/node_modules/jest-circus/build/utils.js:231:10)\n    at _callCircusTest (/home/locklearwyatt/projects/medcontracthub/node_modules/jest-circus/build/run.js:316:40)\n    at processTicksAndRejections (node:internal/process/task_queues:105:5)\n    at _runTest (/home/locklearwyatt/projects/medcontracthub/node_modules/jest-circus/build/run.js:252:3)\n    at _runTestsForDescribeBlock (/home/locklearwyatt/projects/medcontracthub/node_modules/jest-circus/build/run.js:126:9)\n    at _runTestsForDescribeBlock (/home/locklearwyatt/projects/medcontracthub/node_modules/jest-circus/build/run.js:121:9)\n    at _runTestsForDescribeBlock (/home/locklearwyatt/projects/medcontracthub/node_modules/jest-circus/build/run.js:121:9)\n    at run (/home/locklearwyatt/projects/medcontracthub/node_modules/jest-circus/build/run.js:71:3)\n    at runAndTransformResultsToJestFormat (/home/locklearwyatt/projects/medcontracthub/node_modules/jest-circus/build/legacy-code-todo-rewrite/jestAdapterInit.js:122:21)\n    at jestAdapter (/home/locklearwyatt/projects/medcontracthub/node_modules/jest-circus/build/legacy-code-todo-rewrite/jestAdapter.js:79:19)\n    at runTestInternal (/home/locklearwyatt/projects/medcontracthub/node_modules/jest-runner/build/runTest.js:367:16)\n    at runTest (/home/locklearwyatt/projects/medcontracthub/node_modules/jest-runner/build/runTest.js:444:34)\n    at Object.worker (/home/locklearwyatt/projects/medcontracthub/node_modules/jest-runner/build/testWorker.js:106:12)"],"fullName":"UserRepository getActivity should handle missing activity data","invocations":1,"location":null,"numPassingAsserts":0,"retryReasons":[],"status":"failed","title":"should handle missing activity data"},{"ancestorTitles":["UserRepository","createInitialProfile"],"duration":2,"failureDetails":[{}],"failureMessages":["TypeError: repository.createInitialProfile is not a function\n    at Object.createInitialProfile (/home/locklearwyatt/projects/medcontracthub/__tests__/lib/db/repositories/user.repository.test.ts:529:39)\n    at Promise.then.completed (/home/locklearwyatt/projects/medcontracthub/node_modules/jest-circus/build/utils.js:298:28)\n    at new Promise (<anonymous>)\n    at callAsyncCircusFn (/home/locklearwyatt/projects/medcontracthub/node_modules/jest-circus/build/utils.js:231:10)\n    at _callCircusTest (/home/locklearwyatt/projects/medcontracthub/node_modules/jest-circus/build/run.js:316:40)\n    at processTicksAndRejections (node:internal/process/task_queues:105:5)\n    at _runTest (/home/locklearwyatt/projects/medcontracthub/node_modules/jest-circus/build/run.js:252:3)\n    at _runTestsForDescribeBlock (/home/locklearwyatt/projects/medcontracthub/node_modules/jest-circus/build/run.js:126:9)\n    at _runTestsForDescribeBlock (/home/locklearwyatt/projects/medcontracthub/node_modules/jest-circus/build/run.js:121:9)\n    at _runTestsForDescribeBlock (/home/locklearwyatt/projects/medcontracthub/node_modules/jest-circus/build/run.js:121:9)\n    at run (/home/locklearwyatt/projects/medcontracthub/node_modules/jest-circus/build/run.js:71:3)\n    at runAndTransformResultsToJestFormat (/home/locklearwyatt/projects/medcontracthub/node_modules/jest-circus/build/legacy-code-todo-rewrite/jestAdapterInit.js:122:21)\n    at jestAdapter (/home/locklearwyatt/projects/medcontracthub/node_modules/jest-circus/build/legacy-code-todo-rewrite/jestAdapter.js:79:19)\n    at runTestInternal (/home/locklearwyatt/projects/medcontracthub/node_modules/jest-runner/build/runTest.js:367:16)\n    at runTest (/home/locklearwyatt/projects/medcontracthub/node_modules/jest-runner/build/runTest.js:444:34)\n    at Object.worker (/home/locklearwyatt/projects/medcontracthub/node_modules/jest-runner/build/testWorker.js:106:12)"],"fullName":"UserRepository createInitialProfile should create profile for new user","invocations":1,"location":null,"numPassingAsserts":0,"retryReasons":[],"status":"failed","title":"should create profile for new user"},{"ancestorTitles":["UserRepository","createInitialProfile"],"duration":1,"failureDetails":[{}],"failureMessages":["TypeError: repository.createInitialProfile is not a function\n    at Object.createInitialProfile (/home/locklearwyatt/projects/medcontracthub/__tests__/lib/db/repositories/user.repository.test.ts:552:31)\n    at Promise.then.completed (/home/locklearwyatt/projects/medcontracthub/node_modules/jest-circus/build/utils.js:298:28)\n    at new Promise (<anonymous>)\n    at callAsyncCircusFn (/home/locklearwyatt/projects/medcontracthub/node_modules/jest-circus/build/utils.js:231:10)\n    at _callCircusTest (/home/locklearwyatt/projects/medcontracthub/node_modules/jest-circus/build/run.js:316:40)\n    at processTicksAndRejections (node:internal/process/task_queues:105:5)\n    at _runTest (/home/locklearwyatt/projects/medcontracthub/node_modules/jest-circus/build/run.js:252:3)\n    at _runTestsForDescribeBlock (/home/locklearwyatt/projects/medcontracthub/node_modules/jest-circus/build/run.js:126:9)\n    at _runTestsForDescribeBlock (/home/locklearwyatt/projects/medcontracthub/node_modules/jest-circus/build/run.js:121:9)\n    at _runTestsForDescribeBlock (/home/locklearwyatt/projects/medcontracthub/node_modules/jest-circus/build/run.js:121:9)\n    at run (/home/locklearwyatt/projects/medcontracthub/node_modules/jest-circus/build/run.js:71:3)\n    at runAndTransformResultsToJestFormat (/home/locklearwyatt/projects/medcontracthub/node_modules/jest-circus/build/legacy-code-todo-rewrite/jestAdapterInit.js:122:21)\n    at jestAdapter (/home/locklearwyatt/projects/medcontracthub/node_modules/jest-circus/build/legacy-code-todo-rewrite/jestAdapter.js:79:19)\n    at runTestInternal (/home/locklearwyatt/projects/medcontracthub/node_modules/jest-runner/build/runTest.js:367:16)\n    at runTest (/home/locklearwyatt/projects/medcontracthub/node_modules/jest-runner/build/runTest.js:444:34)\n    at Object.worker (/home/locklearwyatt/projects/medcontracthub/node_modules/jest-runner/build/testWorker.js:106:12)"],"fullName":"UserRepository createInitialProfile should handle profile already exists","invocations":1,"location":null,"numPassingAsserts":0,"retryReasons":[],"status":"failed","title":"should handle profile already exists"},{"ancestorTitles":["UserRepository","bulkUpdateLastActivity"],"duration":0,"failureDetails":[{}],"failureMessages":["TypeError: repository.bulkUpdateLastActivity is not a function\n    at Object.bulkUpdateLastActivity (/home/locklearwyatt/projects/medcontracthub/__tests__/lib/db/repositories/user.repository.test.ts:578:39)\n    at Promise.then.completed (/home/locklearwyatt/projects/medcontracthub/node_modules/jest-circus/build/utils.js:298:28)\n    at new Promise (<anonymous>)\n    at callAsyncCircusFn (/home/locklearwyatt/projects/medcontracthub/node_modules/jest-circus/build/utils.js:231:10)\n    at _callCircusTest (/home/locklearwyatt/projects/medcontracthub/node_modules/jest-circus/build/run.js:316:40)\n    at processTicksAndRejections (node:internal/process/task_queues:105:5)\n    at _runTest (/home/locklearwyatt/projects/medcontracthub/node_modules/jest-circus/build/run.js:252:3)\n    at _runTestsForDescribeBlock (/home/locklearwyatt/projects/medcontracthub/node_modules/jest-circus/build/run.js:126:9)\n    at _runTestsForDescribeBlock (/home/locklearwyatt/projects/medcontracthub/node_modules/jest-circus/build/run.js:121:9)\n    at _runTestsForDescribeBlock (/home/locklearwyatt/projects/medcontracthub/node_modules/jest-circus/build/run.js:121:9)\n    at run (/home/locklearwyatt/projects/medcontracthub/node_modules/jest-circus/build/run.js:71:3)\n    at runAndTransformResultsToJestFormat (/home/locklearwyatt/projects/medcontracthub/node_modules/jest-circus/build/legacy-code-todo-rewrite/jestAdapterInit.js:122:21)\n    at jestAdapter (/home/locklearwyatt/projects/medcontracthub/node_modules/jest-circus/build/legacy-code-todo-rewrite/jestAdapter.js:79:19)\n    at runTestInternal (/home/locklearwyatt/projects/medcontracthub/node_modules/jest-runner/build/runTest.js:367:16)\n    at runTest (/home/locklearwyatt/projects/medcontracthub/node_modules/jest-runner/build/runTest.js:444:34)\n    at Object.worker (/home/locklearwyatt/projects/medcontracthub/node_modules/jest-runner/build/testWorker.js:106:12)"],"fullName":"UserRepository bulkUpdateLastActivity should update multiple users activity timestamps","invocations":1,"location":null,"numPassingAsserts":0,"retryReasons":[],"status":"failed","title":"should update multiple users activity timestamps"},{"ancestorTitles":["UserRepository","bulkUpdateLastActivity"],"duration":1,"failureDetails":[{}],"failureMessages":["TypeError: repository.bulkUpdateLastActivity is not a function\n    at Object.bulkUpdateLastActivity (/home/locklearwyatt/projects/medcontracthub/__tests__/lib/db/repositories/user.repository.test.ts:590:39)\n    at Promise.then.completed (/home/locklearwyatt/projects/medcontracthub/node_modules/jest-circus/build/utils.js:298:28)\n    at new Promise (<anonymous>)\n    at callAsyncCircusFn (/home/locklearwyatt/projects/medcontracthub/node_modules/jest-circus/build/utils.js:231:10)\n    at _callCircusTest (/home/locklearwyatt/projects/medcontracthub/node_modules/jest-circus/build/run.js:316:40)\n    at processTicksAndRejections (node:internal/process/task_queues:105:5)\n    at _runTest (/home/locklearwyatt/projects/medcontracthub/node_modules/jest-circus/build/run.js:252:3)\n    at _runTestsForDescribeBlock (/home/locklearwyatt/projects/medcontracthub/node_modules/jest-circus/build/run.js:126:9)\n    at _runTestsForDescribeBlock (/home/locklearwyatt/projects/medcontracthub/node_modules/jest-circus/build/run.js:121:9)\n    at _runTestsForDescribeBlock (/home/locklearwyatt/projects/medcontracthub/node_modules/jest-circus/build/run.js:121:9)\n    at run (/home/locklearwyatt/projects/medcontracthub/node_modules/jest-circus/build/run.js:71:3)\n    at runAndTransformResultsToJestFormat (/home/locklearwyatt/projects/medcontracthub/node_modules/jest-circus/build/legacy-code-todo-rewrite/jestAdapterInit.js:122:21)\n    at jestAdapter (/home/locklearwyatt/projects/medcontracthub/node_modules/jest-circus/build/legacy-code-todo-rewrite/jestAdapter.js:79:19)\n    at runTestInternal (/home/locklearwyatt/projects/medcontracthub/node_modules/jest-runner/build/runTest.js:367:16)\n    at runTest (/home/locklearwyatt/projects/medcontracthub/node_modules/jest-runner/build/runTest.js:444:34)\n    at Object.worker (/home/locklearwyatt/projects/medcontracthub/node_modules/jest-runner/build/testWorker.js:106:12)"],"fullName":"UserRepository bulkUpdateLastActivity should handle empty array","invocations":1,"location":null,"numPassingAsserts":0,"retryReasons":[],"status":"failed","title":"should handle empty array"},{"ancestorTitles":["UserRepository","getTeamMembers"],"duration":1,"failureDetails":[{}],"failureMessages":["TypeError: repository.getTeamMembers is not a function\n    at Object.getTeamMembers (/home/locklearwyatt/projects/medcontracthub/__tests__/lib/db/repositories/user.repository.test.ts:629:39)\n    at Promise.then.completed (/home/locklearwyatt/projects/medcontracthub/node_modules/jest-circus/build/utils.js:298:28)\n    at new Promise (<anonymous>)\n    at callAsyncCircusFn (/home/locklearwyatt/projects/medcontracthub/node_modules/jest-circus/build/utils.js:231:10)\n    at _callCircusTest (/home/locklearwyatt/projects/medcontracthub/node_modules/jest-circus/build/run.js:316:40)\n    at processTicksAndRejections (node:internal/process/task_queues:105:5)\n    at _runTest (/home/locklearwyatt/projects/medcontracthub/node_modules/jest-circus/build/run.js:252:3)\n    at _runTestsForDescribeBlock (/home/locklearwyatt/projects/medcontracthub/node_modules/jest-circus/build/run.js:126:9)\n    at _runTestsForDescribeBlock (/home/locklearwyatt/projects/medcontracthub/node_modules/jest-circus/build/run.js:121:9)\n    at _runTestsForDescribeBlock (/home/locklearwyatt/projects/medcontracthub/node_modules/jest-circus/build/run.js:121:9)\n    at run (/home/locklearwyatt/projects/medcontracthub/node_modules/jest-circus/build/run.js:71:3)\n    at runAndTransformResultsToJestFormat (/home/locklearwyatt/projects/medcontracthub/node_modules/jest-circus/build/legacy-code-todo-rewrite/jestAdapterInit.js:122:21)\n    at jestAdapter (/home/locklearwyatt/projects/medcontracthub/node_modules/jest-circus/build/legacy-code-todo-rewrite/jestAdapter.js:79:19)\n    at runTestInternal (/home/locklearwyatt/projects/medcontracthub/node_modules/jest-runner/build/runTest.js:367:16)\n    at runTest (/home/locklearwyatt/projects/medcontracthub/node_modules/jest-runner/build/runTest.js:444:34)\n    at Object.worker (/home/locklearwyatt/projects/medcontracthub/node_modules/jest-runner/build/testWorker.js:106:12)"],"fullName":"UserRepository getTeamMembers should get all users in same company","invocations":1,"location":null,"numPassingAsserts":0,"retryReasons":[],"status":"failed","title":"should get all users in same company"},{"ancestorTitles":["UserRepository","getTeamMembers"],"duration":1,"failureDetails":[{}],"failureMessages":["TypeError: repository.getTeamMembers is not a function\n    at Object.getTeamMembers (/home/locklearwyatt/projects/medcontracthub/__tests__/lib/db/repositories/user.repository.test.ts:639:39)\n    at Promise.then.completed (/home/locklearwyatt/projects/medcontracthub/node_modules/jest-circus/build/utils.js:298:28)\n    at new Promise (<anonymous>)\n    at callAsyncCircusFn (/home/locklearwyatt/projects/medcontracthub/node_modules/jest-circus/build/utils.js:231:10)\n    at _callCircusTest (/home/locklearwyatt/projects/medcontracthub/node_modules/jest-circus/build/run.js:316:40)\n    at processTicksAndRejections (node:internal/process/task_queues:105:5)\n    at _runTest (/home/locklearwyatt/projects/medcontracthub/node_modules/jest-circus/build/run.js:252:3)\n    at _runTestsForDescribeBlock (/home/locklearwyatt/projects/medcontracthub/node_modules/jest-circus/build/run.js:126:9)\n    at _runTestsForDescribeBlock (/home/locklearwyatt/projects/medcontracthub/node_modules/jest-circus/build/run.js:121:9)\n    at _runTestsForDescribeBlock (/home/locklearwyatt/projects/medcontracthub/node_modules/jest-circus/build/run.js:121:9)\n    at run (/home/locklearwyatt/projects/medcontracthub/node_modules/jest-circus/build/run.js:71:3)\n    at runAndTransformResultsToJestFormat (/home/locklearwyatt/projects/medcontracthub/node_modules/jest-circus/build/legacy-code-todo-rewrite/jestAdapterInit.js:122:21)\n    at jestAdapter (/home/locklearwyatt/projects/medcontracthub/node_modules/jest-circus/build/legacy-code-todo-rewrite/jestAdapter.js:79:19)\n    at runTestInternal (/home/locklearwyatt/projects/medcontracthub/node_modules/jest-runner/build/runTest.js:367:16)\n    at runTest (/home/locklearwyatt/projects/medcontracthub/node_modules/jest-runner/build/runTest.js:444:34)\n    at Object.worker (/home/locklearwyatt/projects/medcontracthub/node_modules/jest-runner/build/testWorker.js:106:12)"],"fullName":"UserRepository getTeamMembers should exclude users without company","invocations":1,"location":null,"numPassingAsserts":0,"retryReasons":[],"status":"failed","title":"should exclude users without company"},{"ancestorTitles":["UserRepository","Error Handling"],"duration":2,"failureDetails":[{"name":"DatabaseError","code":"PGRST116","statusCode":500,"details":{"operation":"findById","table":"profiles","id":"non-existent"},"timestamp":"2025-06-08T21:41:22.199Z","isOperational":true}],"failureMessages":["DatabaseError: The result contains 0 rows\n    at UserRepository.handleError (/home/locklearwyatt/projects/medcontracthub/lib/db/repositories/base.repository.ts:468:18)\n    at UserRepository.handleError [as findById] (/home/locklearwyatt/projects/medcontracthub/lib/db/repositories/base.repository.ts:86:18)\n    at processTicksAndRejections (node:internal/process/task_queues:105:5)\n    at Object.<anonymous> (/home/locklearwyatt/projects/medcontracthub/__tests__/lib/db/repositories/user.repository.test.ts:654:22)"],"fullName":"UserRepository Error Handling should handle profile not found","invocations":1,"location":null,"numPassingAsserts":0,"retryReasons":[],"status":"failed","title":"should handle profile not found"},{"ancestorTitles":["UserRepository","Error Handling"],"duration":30,"failureDetails":[{"matcherResult":{"message":"expect(received).rejects.toThrow(expected)\n\nExpected substring: \"Database operation failed\"\nReceived message:   \"An unexpected database error occurred\"\n\n      474 |     }\n      475 |\n    > 476 |     return new DatabaseError(\n          |            ^\n      477 |       'An unexpected database error occurred',\n      478 |       'UNKNOWN',\n      479 |       { operation, table: this.tableName, originalError: error, ...context }\n\n      at UserRepository.handleError (lib/db/repositories/base.repository.ts:476:12)\n      at UserRepository.handleError [as update] (lib/db/repositories/base.repository.ts:238:18)\n      at Object.<anonymous> (__tests__/lib/db/repositories/user.repository.test.ts:666:7)","pass":false},"message":"expect(received).rejects.toThrow(expected)\n\nExpected substring: \"Database operation failed\"\nReceived message:   \"An unexpected database error occurred\"\n\n      474 |     }\n      475 |\n    > 476 |     return new DatabaseError(\n          |            ^\n      477 |       'An unexpected database error occurred',\n      478 |       'UNKNOWN',\n      479 |       { operation, table: this.tableName, originalError: error, ...context }\n\n      at UserRepository.handleError (lib/db/repositories/base.repository.ts:476:12)\n      at UserRepository.handleError [as update] (lib/db/repositories/base.repository.ts:238:18)\n      at Object.<anonymous> (__tests__/lib/db/repositories/user.repository.test.ts:666:7)"}],"failureMessages":["Error: expect(received).rejects.toThrow(expected)\n\nExpected substring: \"Database operation failed\"\nReceived message:   \"An unexpected database error occurred\"\n\n      474 |     }\n      475 |\n    > 476 |     return new DatabaseError(\n          |            ^\n      477 |       'An unexpected database error occurred',\n      478 |       'UNKNOWN',\n      479 |       { operation, table: this.tableName, originalError: error, ...context }\n\n      at UserRepository.handleError (lib/db/repositories/base.repository.ts:476:12)\n      at UserRepository.handleError [as update] (lib/db/repositories/base.repository.ts:238:18)\n      at Object.<anonymous> (__tests__/lib/db/repositories/user.repository.test.ts:666:7)\n    at Object.toThrow (/home/locklearwyatt/projects/medcontracthub/node_modules/expect/build/index.js:218:22)\n    at Object.toThrow (/home/locklearwyatt/projects/medcontracthub/__tests__/lib/db/repositories/user.repository.test.ts:667:18)\n    at Promise.then.completed (/home/locklearwyatt/projects/medcontracthub/node_modules/jest-circus/build/utils.js:298:28)\n    at new Promise (<anonymous>)\n    at callAsyncCircusFn (/home/locklearwyatt/projects/medcontracthub/node_modules/jest-circus/build/utils.js:231:10)\n    at _callCircusTest (/home/locklearwyatt/projects/medcontracthub/node_modules/jest-circus/build/run.js:316:40)\n    at processTicksAndRejections (node:internal/process/task_queues:105:5)\n    at _runTest (/home/locklearwyatt/projects/medcontracthub/node_modules/jest-circus/build/run.js:252:3)\n    at _runTestsForDescribeBlock (/home/locklearwyatt/projects/medcontracthub/node_modules/jest-circus/build/run.js:126:9)\n    at _runTestsForDescribeBlock (/home/locklearwyatt/projects/medcontracthub/node_modules/jest-circus/build/run.js:121:9)\n    at _runTestsForDescribeBlock (/home/locklearwyatt/projects/medcontracthub/node_modules/jest-circus/build/run.js:121:9)\n    at run (/home/locklearwyatt/projects/medcontracthub/node_modules/jest-circus/build/run.js:71:3)\n    at runAndTransformResultsToJestFormat (/home/locklearwyatt/projects/medcontracthub/node_modules/jest-circus/build/legacy-code-todo-rewrite/jestAdapterInit.js:122:21)\n    at jestAdapter (/home/locklearwyatt/projects/medcontracthub/node_modules/jest-circus/build/legacy-code-todo-rewrite/jestAdapter.js:79:19)\n    at runTestInternal (/home/locklearwyatt/projects/medcontracthub/node_modules/jest-runner/build/runTest.js:367:16)\n    at runTest (/home/locklearwyatt/projects/medcontracthub/node_modules/jest-runner/build/runTest.js:444:34)\n    at Object.worker (/home/locklearwyatt/projects/medcontracthub/node_modules/jest-runner/build/testWorker.js:106:12)"],"fullName":"UserRepository Error Handling should handle database errors gracefully","invocations":1,"location":null,"numPassingAsserts":0,"retryReasons":[],"status":"failed","title":"should handle database errors gracefully"},{"ancestorTitles":["UserRepository","Error Handling"],"duration":0,"failureDetails":[{}],"failureMessages":["TypeError: repository.findByEmail is not a function\n    at Object.findByEmail (/home/locklearwyatt/projects/medcontracthub/__tests__/lib/db/repositories/user.repository.test.ts:671:31)\n    at Promise.then.completed (/home/locklearwyatt/projects/medcontracthub/node_modules/jest-circus/build/utils.js:298:28)\n    at new Promise (<anonymous>)\n    at callAsyncCircusFn (/home/locklearwyatt/projects/medcontracthub/node_modules/jest-circus/build/utils.js:231:10)\n    at _callCircusTest (/home/locklearwyatt/projects/medcontracthub/node_modules/jest-circus/build/run.js:316:40)\n    at processTicksAndRejections (node:internal/process/task_queues:105:5)\n    at _runTest (/home/locklearwyatt/projects/medcontracthub/node_modules/jest-circus/build/run.js:252:3)\n    at _runTestsForDescribeBlock (/home/locklearwyatt/projects/medcontracthub/node_modules/jest-circus/build/run.js:126:9)\n    at _runTestsForDescribeBlock (/home/locklearwyatt/projects/medcontracthub/node_modules/jest-circus/build/run.js:121:9)\n    at _runTestsForDescribeBlock (/home/locklearwyatt/projects/medcontracthub/node_modules/jest-circus/build/run.js:121:9)\n    at run (/home/locklearwyatt/projects/medcontracthub/node_modules/jest-circus/build/run.js:71:3)\n    at runAndTransformResultsToJestFormat (/home/locklearwyatt/projects/medcontracthub/node_modules/jest-circus/build/legacy-code-todo-rewrite/jestAdapterInit.js:122:21)\n    at jestAdapter (/home/locklearwyatt/projects/medcontracthub/node_modules/jest-circus/build/legacy-code-todo-rewrite/jestAdapter.js:79:19)\n    at runTestInternal (/home/locklearwyatt/projects/medcontracthub/node_modules/jest-runner/build/runTest.js:367:16)\n    at runTest (/home/locklearwyatt/projects/medcontracthub/node_modules/jest-runner/build/runTest.js:444:34)\n    at Object.worker (/home/locklearwyatt/projects/medcontracthub/node_modules/jest-runner/build/testWorker.js:106:12)"],"fullName":"UserRepository Error Handling should validate email format","invocations":1,"location":null,"numPassingAsserts":0,"retryReasons":[],"status":"failed","title":"should validate email format"}],"endTime":1749418882290,"message":"  ● UserRepository › findByIdWithCompany › should get user profile with company details\n\n    TypeError: repository.findByIdWithCompany is not a function\n\n      50 |       repository = new UserRepository(mockSupabase)\n      51 |\n    > 52 |       const result = await repository.findByIdWithCompany('user-1')\n         |                                       ^\n      53 |\n      54 |       expect(result).toBeTruthy()\n      55 |       expect(result?.id).toBe('user-1')\n\n      at Object.findByIdWithCompany (__tests__/lib/db/repositories/user.repository.test.ts:52:39)\n\n  ● UserRepository › findByIdWithCompany › should return null when user not found\n\n    TypeError: repository.findByIdWithCompany is not a function\n\n      70 |       repository = new UserRepository(mockSupabase)\n      71 |\n    > 72 |       const result = await repository.findByIdWithCompany('non-existent')\n         |                                       ^\n      73 |\n      74 |       expect(result).toBeNull()\n      75 |     })\n\n      at Object.findByIdWithCompany (__tests__/lib/db/repositories/user.repository.test.ts:72:39)\n\n  ● UserRepository › findByEmail › should find user by email address\n\n    TypeError: repository.findByEmail is not a function\n\n      85 |       repository = new UserRepository(mockSupabase)\n      86 |\n    > 87 |       const result = await repository.findByEmail('john.doe@medtechsolutions.com')\n         |                                       ^\n      88 |\n      89 |       expect(result).toBeTruthy()\n      90 |       expect(result?.email).toBe('john.doe@medtechsolutions.com')\n\n      at Object.findByEmail (__tests__/lib/db/repositories/user.repository.test.ts:87:39)\n\n  ● UserRepository › findByEmail › should normalize email to lowercase\n\n    TypeError: repository.findByEmail is not a function\n\n      102 |       repository = new UserRepository(mockSupabase)\n      103 |\n    > 104 |       await repository.findByEmail('John.Doe@MedTechSolutions.COM')\n          |                        ^\n      105 |\n      106 |       const query = mockSupabase.from.mock.results[0]?.value\n      107 |       expect(query.eq).toHaveBeenCalledWith('email', 'john.doe@medtechsolutions.com')\n\n      at Object.findByEmail (__tests__/lib/db/repositories/user.repository.test.ts:104:24)\n\n  ● UserRepository › findByEmail › should return null when email not found\n\n    TypeError: repository.findByEmail is not a function\n\n      116 |       repository = new UserRepository(mockSupabase)\n      117 |\n    > 118 |       const result = await repository.findByEmail('nonexistent@example.com')\n          |                                       ^\n      119 |\n      120 |       expect(result).toBeNull()\n      121 |     })\n\n      at Object.findByEmail (__tests__/lib/db/repositories/user.repository.test.ts:118:39)\n\n  ● UserRepository › updatePreferences › should update user preferences\n\n    NotFoundError: User profile not found not found\n\n      266 |       const currentProfile = await this.findById(userId)\n      267 |       if (!currentProfile) {\n    > 268 |         throw new NotFoundError('User profile not found')\n          |               ^\n      269 |       }\n      270 |\n      271 |       const currentPrefs = currentProfile.preferences \n\n      at UserRepository.updatePreferences (lib/db/repositories/user.repository.ts:268:15)\n      at Object.<anonymous> (__tests__/lib/db/repositories/user.repository.test.ts:156:22)\n\n  ● UserRepository › updateOnboardingStatus › should mark onboarding as completed\n\n    TypeError: repository.updateOnboardingStatus is not a function\n\n      243 |       repository = new UserRepository(mockSupabase)\n      244 |\n    > 245 |       const result = await repository.updateOnboardingStatus('user-1', true)\n          |                                       ^\n      246 |\n      247 |       expect(result.onboarding_completed).toBe(true)\n      248 |       expect(result.onboarding_completed_at).toBe(now.toISOString())\n\n      at Object.updateOnboardingStatus (__tests__/lib/db/repositories/user.repository.test.ts:245:39)\n\n  ● UserRepository › updateOnboardingStatus › should clear completion timestamp when reverting\n\n    TypeError: repository.updateOnboardingStatus is not a function\n\n      270 |       repository = new UserRepository(mockSupabase)\n      271 |\n    > 272 |       const result = await repository.updateOnboardingStatus('user-1', false)\n          |                                       ^\n      273 |\n      274 |       expect(result.onboarding_completed).toBe(false)\n      275 |       expect(result.onboarding_completed_at).toBeNull()\n\n      at Object.updateOnboardingStatus (__tests__/lib/db/repositories/user.repository.test.ts:272:39)\n\n  ● UserRepository › updateLastActivity › should update last activity timestamp\n\n    TypeError: repository.updateLastActivity is not a function\n\n      295 |       repository = new UserRepository(mockSupabase)\n      296 |\n    > 297 |       const result = await repository.updateLastActivity('user-1')\n          |                                       ^\n      298 |\n      299 |       expect(result.last_activity_at).toBe(now.toISOString())\n      300 |       \n\n      at Object.updateLastActivity (__tests__/lib/db/repositories/user.repository.test.ts:297:39)\n\n  ● UserRepository › updateLastActivity › should not throw on update failure\n\n    TypeError: repository.updateLastActivity is not a function\n\n      314 |\n      315 |       // Should not throw - activity updates are non-critical\n    > 316 |       await expect(repository.updateLastActivity('user-1'))\n          |                               ^\n      317 |         .resolves.not.toThrow()\n      318 |     })\n      319 |   })\n\n      at Object.updateLastActivity (__tests__/lib/db/repositories/user.repository.test.ts:316:31)\n\n  ● UserRepository › searchByCompany › should search users within company\n\n    TypeError: repository.searchByCompany is not a function\n\n      330 |       repository = new UserRepository(mockSupabase)\n      331 |\n    > 332 |       const result = await repository.searchByCompany('company-1', {\n          |                                       ^\n      333 |         query: 'john'\n      334 |       })\n      335 |\n\n      at Object.searchByCompany (__tests__/lib/db/repositories/user.repository.test.ts:332:39)\n\n  ● UserRepository › searchByCompany › should filter by role\n\n    TypeError: repository.searchByCompany is not a function\n\n      352 |       repository = new UserRepository(mockSupabase)\n      353 |\n    > 354 |       const result = await repository.searchByCompany('company-1', {\n          |                                       ^\n      355 |         role: 'owner'\n      356 |       })\n      357 |\n\n      at Object.searchByCompany (__tests__/lib/db/repositories/user.repository.test.ts:354:39)\n\n  ● UserRepository › searchByCompany › should filter by department\n\n    TypeError: repository.searchByCompany is not a function\n\n      371 |       repository = new UserRepository(mockSupabase)\n      372 |\n    > 373 |       await repository.searchByCompany('company-1', {\n          |                        ^\n      374 |         department: 'Sales'\n      375 |       })\n      376 |\n\n      at Object.searchByCompany (__tests__/lib/db/repositories/user.repository.test.ts:373:24)\n\n  ● UserRepository › searchByCompany › should filter by active status\n\n    TypeError: repository.searchByCompany is not a function\n\n      390 |       repository = new
[...]
      475 |       const query = mockSupabase.from.mock.results[0]?.value\n      476 |       expect(query.gte).toHaveBeenCalledWith(\n\n      at Object.getActiveUsers (__tests__/lib/db/repositories/company.repository.test.ts:473:24)\n\n  ● CompanyRepository › bulkUpdateCompanies › should update multiple companies\n\n    TypeError: repository.bulkUpdateCompanies is not a function\n\n      498 |       repository = new CompanyRepository(mockSupabase)\n      499 |\n    > 500 |       const result = await repository.bulkUpdateCompanies(companies as any)\n          |                                       ^\n      501 |\n      502 |       expect(result).toBe(50)\n      503 |       \n\n      at Object.bulkUpdateCompanies (__tests__/lib/db/repositories/company.repository.test.ts:500:39)\n\n  ● CompanyRepository › bulkUpdateCompanies › should handle empty array\n\n    TypeError: repository.bulkUpdateCompanies is not a function\n\n      510 |\n      511 |     it('should handle empty array', async () => {\n    > 512 |       const result = await repository.bulkUpdateCompanies([])\n          |                                       ^\n      513 |       expect(result).toBe(0)\n      514 |       expect(mockSupabase.from).not.toHaveBeenCalled()\n      515 |     })\n\n      at Object.bulkUpdateCompanies (__tests__/lib/db/repositories/company.repository.test.ts:512:39)\n\n  ● CompanyRepository › Error Handling › should handle database connection errors\n\n    expect(received).rejects.toThrow(expected)\n\n    Expected substring: \"Database operation failed\"\n    Received message:   \"An unexpected database error occurred\"\n\n          474 |     }\n          475 |\n        > 476 |     return new DatabaseError(\n              |            ^\n          477 |       'An unexpected database error occurred',\n          478 |       'UNKNOWN',\n          479 |       { operation, table: this.tableName, originalError: error, ...context }\n\n      at CompanyRepository.handleError (lib/db/repositories/base.repository.ts:476:12)\n      at CompanyRepository.handleError (lib/db/repositories/base.repository.ts:86:18)\n      at CompanyRepository.findById (lib/db/repositories/company.repository.ts:69:21)\n      at Object.<anonymous> (__tests__/lib/db/repositories/company.repository.test.ts:527:7)\n      at Object.toThrow (node_modules/expect/build/index.js:218:22)\n      at Object.toThrow (__tests__/lib/db/repositories/company.repository.test.ts:528:18)\n\n  ● CompanyRepository › Error Handling › should handle validation errors from validator\n\n    expect(received).rejects.toThrow(expected)\n\n    Expected constructor: ValidationError\n    Received constructor: DatabaseError\n\n    Received message: \"An unexpected database error occurred\"\n\n          474 |     }\n          475 |\n        > 476 |     return new DatabaseError(\n              |            ^\n          477 |       'An unexpected database error occurred',\n          478 |       'UNKNOWN',\n          479 |       { operation, table: this.tableName, originalError: error, ...context }\n\n      at CompanyRepository.handleError (lib/db/repositories/base.repository.ts:476:12)\n      at CompanyRepository.handleError [as create] (lib/db/repositories/base.repository.ts:187:18)\n      at Object.<anonymous> (__tests__/lib/db/repositories/company.repository.test.ts:539:7)\n      at Object.toThrow (node_modules/expect/build/index.js:218:22)\n      at Object.toThrow (__tests__/lib/db/repositories/company.repository.test.ts:540:18)\n","name":"/home/locklearwyatt/projects/medcontracthub/__tests__/lib/db/repositories/company.repository.test.ts","startTime":1749418881465,"status":"failed","summary":""},{"assertionResults":[{"ancestorTitles":["SecurityMiddleware","validatePermission"],"duration":42,"failureDetails":[],"failureMessages":[],"fullName":"SecurityMiddleware validatePermission should allow authenticated users with valid permissions","invocations":1,"location":null,"numPassingAsserts":3,"retryReasons":[],"status":"passed","title":"should allow authenticated users with valid permissions"},{"ancestorTitles":["SecurityMiddleware","validatePermission"],"duration":56,"failureDetails":[],"failureMessages":[],"fullName":"SecurityMiddleware validatePermission should deny access for unauthenticated users","invocations":1,"location":null,"numPassingAsserts":3,"retryReasons":[],"status":"passed","title":"should deny access for unauthenticated users"},{"ancestorTitles":["SecurityMiddleware","validatePermission"],"duration":426,"failureDetails":[],"failureMessages":[],"fullName":"SecurityMiddleware validatePermission should check rate limits before permissions","invocations":1,"location":null,"numPassingAsserts":1,"retryReasons":[],"status":"passed","title":"should check rate limits before permissions"},{"ancestorTitles":["SecurityMiddleware","validatePermission"],"duration":3,"failureDetails":[],"failureMessages":[],"fullName":"SecurityMiddleware validatePermission should enforce role-based permissions for company resources","invocations":1,"location":null,"numPassingAsserts":2,"retryReasons":[],"status":"passed","title":"should enforce role-based permissions for company resources"},{"ancestorTitles":["SecurityMiddleware","validatePermission"],"duration":1,"failureDetails":[],"failureMessages":[],"fullName":"SecurityMiddleware validatePermission should allow admins to write company resources","invocations":1,"location":null,"numPassingAsserts":1,"retryReasons":[],"status":"passed","title":"should allow admins to write company resources"},{"ancestorTitles":["SecurityMiddleware","validatePermission"],"duration":2,"failureDetails":[],"failureMessages":[],"fullName":"SecurityMiddleware validatePermission should restrict user-specific resources","invocations":1,"location":null,"numPassingAsserts":2,"retryReasons":[],"status":"passed","title":"should restrict user-specific resources"},{"ancestorTitles":["SecurityMiddleware","validatePermission"],"duration":3,"failureDetails":[],"failureMessages":[],"fullName":"SecurityMiddleware validatePermission should handle proposal delete permissions","invocations":1,"location":null,"numPassingAsserts":2,"retryReasons":[],"status":"passed","title":"should handle proposal delete permissions"},{"ancestorTitles":["SecurityMiddleware","validatePermission"],"duration":4,"failureDetails":[],"failureMessages":[],"fullName":"SecurityMiddleware validatePermission should prevent subscription modifications","invocations":1,"location":null,"numPassingAsserts":2,"retryReasons":[],"status":"passed","title":"should prevent subscription modifications"},{"ancestorTitles":["SecurityMiddleware","Rate Limiting"],"duration":329,"failureDetails":[],"failureMessages":[],"fullName":"SecurityMiddleware Rate Limiting should enforce read rate limits","invocations":1,"location":null,"numPassingAsserts":1,"retryReasons":[],"status":"passed","title":"should enforce read rate limits"},{"ancestorTitles":["SecurityMiddleware","Rate Limiting"],"duration":32,"failureDetails":[],"failureMessages":[],"fullName":"SecurityMiddleware Rate Limiting should enforce write rate limits","invocations":1,"location":null,"numPassingAsserts":1,"retryReasons":[],"status":"passed","title":"should enforce write rate limits"},{"ancestorTitles":["SecurityMiddleware","Rate Limiting"],"duration":4,"failureDetails":[],"failureMessages":[],"fullName":"SecurityMiddleware Rate Limiting should enforce analyze rate limits","invocations":1,"location":null,"numPassingAsserts":1,"retryReasons":[],"status":"passed","title":"should enforce analyze rate limits"},{"ancestorTitles":["SecurityMiddleware","Rate Limiting"],"duration":3,"failureDetails":[],"failureMessages":[],"fullName":"SecurityMiddleware Rate Limiting should reset rate limits after window expires","invocations":1,"location":null,"numPassingAsserts":2,"retryReasons":[],"status":"passed","title":"should reset rate limits after window expires"},{"ancestorTitles":["SecurityMiddleware","Rate Limiting"],"duration":3,"failureDetails":[],"failureMessages":[],"fullName":"SecurityMiddleware Rate Limiting should track rate limits per user","invocations":1,"location":null,"numPassingAsserts":2,"retryReasons":[],"status":"passed","title":"should track rate limits per user"},{"ancestorTitles":["SecurityMiddleware","Rate Limiting"],"duration":21,"failureDetails":[],"failureMessages":[],"fullName":"SecurityMiddleware Rate Limiting should clear rate limits for a user","invocations":1,"location":null,"numPassingAsserts":2,"retryReasons":[],"status":"passed","title":"should clear rate limits for a user"},{"ancestorTitles":["SecurityMiddleware","Suspicious Activity Detection"],"duration":12,"failureDetails":[{"matcherResult":{"message":"expect(received).toBeGreaterThanOrEqual(expected)\n\nExpected: >= 5\nReceived:    4","pass":false}}],"failureMessages":["Error: expect(received).toBeGreaterThanOrEqual(expected)\n\nExpected: >= 5\nReceived:    4\n    at Object.toBeGreaterThanOrEqual (/home/locklearwyatt/projects/medcontracthub/__tests__/lib/db/security/middleware.test.ts:325:29)\n    at Promise.then.completed (/home/locklearwyatt/projects/medcontracthub/node_modules/jest-circus/build/utils.js:298:28)\n    at new Promise (<anonymous>)\n    at callAsyncCircusFn (/home/locklearwyatt/projects/medcontracthub/node_modules/jest-circus/build/utils.js:231:10)\n    at _callCircusTest (/home/locklearwyatt/projects/medcontracthub/node_modules/jest-circus/build/run.js:316:40)\n    at processTicksAndRejections (node:internal/process/task_queues:105:5)\n    at _runTest (/home/locklearwyatt/projects/medcontracthub/node_modules/jest-circus/build/run.js:252:3)\n    at _runTestsForDescribeBlock (/home/locklearwyatt/projects/medcontracthub/node_modules/jest-circus/build/run.js:126:9)\n    at _runTestsForDescribeBlock (/home/locklearwyatt/projects/medcontracthub/node_modules/jest-circus/build/run.js:121:9)\n    at _runTestsForDescribeBlock (/home/locklearwyatt/projects/medcontracthub/node_modules/jest-circus/build/run.js:121:9)\n    at run (/home/locklearwyatt/projects/medcontracthub/node_modules/jest-circus/build/run.js:71:3)\n    at runAndTransformResultsToJestFormat (/home/locklearwyatt/projects/medcontracthub/node_modules/jest-circus/build/legacy-code-todo-rewrite/jestAdapterInit.js:122:21)\n    at jestAdapter (/home/locklearwyatt/projects/medcontracthub/node_modules/jest-circus/build/legacy-code-todo-rewrite/jestAdapter.js:79:19)\n    at runTestInternal (/home/locklearwyatt/projects/medcontracthub/node_modules/jest-runner/build/runTest.js:367:16)\n    at runTest (/home/locklearwyatt/projects/medcontracthub/node_modules/jest-runner/build/runTest.js:444:34)\n    at Object.worker (/home/locklearwyatt/projects/medcontracthub/node_modules/jest-runner/build/testWorker.js:106:12)"],"fullName":"SecurityMiddleware Suspicious Activity Detection should detect SQL injection patterns","invocations":1,"location":null,"numPassingAsserts":0,"retryReasons":[],"status":"failed","title":"should detect SQL injection patterns"},{"ancestorTitles":["SecurityMiddleware","Suspicious Activity Detection"],"duration":2,"failureDetails":[],"failureMessages":[],"fullName":"SecurityMiddleware Suspicious Activity Detection should detect dangerous SQL commands","invocations":1,"location":null,"numPassingAsserts":1,"retryReasons":[],"status":"passed","title":"should detect dangerous SQL commands"},{"ancestorTitles":["SecurityMiddleware","Suspicious Activity Detection"],"duration":3,"failureDetails":[{"matcherResult":{"message":"expect(received).toHaveLength(expected)\n\nExpected length: 0\nReceived length: 1\nReceived array:  [{\"action\": \"detected\", \"metadata\": {\"pattern\": \"(;|--|\\\\*|xp_|sp_)\", \"query\": \"SELECT * FROM opportunities WHERE agency = 'Department of Defense'\"}, \"resource\": \"query\", \"timestamp\": 2025-06-08T21:41:23.036Z, \"type\": \"suspicious_activity\", \"userId\": \"test-user-id\"}]","pass":false}}],"failureMessages":["Error: expect(received).toHaveLength(expected)\n\nExpected length: 0\nReceived length: 1\nReceived array:  [{\"action\": \"detected\", \"metadata\": {\"pattern\": \"(;|--|\\\\*|xp_|sp_)\", \"query\": \"SELECT * FROM opportunities WHERE agency = 'Department of Defense'\"}, \"resource\": \"query\", \"timestamp\": 2025-06-08T21:41:23.036Z, \"type\": \"suspicious_activity\", \"userId\": \"test-user-id\"}]\n    at Object.toHaveLength (/home/locklearwyatt/projects/medcontracthub/__tests__/lib/db/security/middleware.test.ts:355:22)\n    at Promise.then.completed (/home/locklearwyatt/projects/medcontracthub/node_modules/jest-circus/build/utils.js:298:28)\n    at new Promise (<anonymous>)\n    at callAsyncCircusFn (/home/locklearwyatt/projects/medcontracthub/node_modules/jest-circus/build/utils.js:231:10)\n    at _callCircusTest (/home/locklearwyatt/projects/medcontracthub/node_modules/jest-circus/build/run.js:316:40)\n    at processTicksAndRejections (node:internal/process/task_queues:105:5)\n    at _runTest (/home/locklearwyatt/projects/medcontracthub/node_modules/jest-circus/build/run.js:252:3)\n    at _runTestsForDescribeBlock (/home/locklearwyatt/projects/medcontracthub/node_modules/jest-circus/build/run.js:126:9)\n    at _runTestsForDescribeBlock (/home/locklearwyatt/projects/medcontracthub/node_modules/jest-circus/build/run.js:121:9)\n    at _runTestsForDescribeBlock (/home/locklearwyatt/projects/medcontracthub/node_modules/jest-circus/build/run.js:121:9)\n    at run (/home/locklearwyatt/projects/medcontracthub/node_modules/jest-circus/build/run.js:71:3)\n    at runAndTransformResultsToJestFormat (/home/locklearwyatt/projects/medcontracthub/node_modules/jest-circus/build/legacy-code-todo-rewrite/jestAdapterInit.js:122:21)\n    at jestAdapter (/home/locklearwyatt/projects/medcontracthub/node_modules/jest-circus/build/legacy-code-todo-rewrite/jestAdapter.js:79:19)\n    at runTestInternal (/home/locklearwyatt/projects/medcontracthub/node_modules/jest-runner/build/runTest.js:367:16)\n    at runTest (/home/locklearwyatt/projects/medcontracthub/node_modules/jest-runner/build/runTest.js:444:34)\n    at Object.worker (/home/locklearwyatt/projects/medcontracthub/node_modules/jest-runner/build/testWorker.js:106:12)"],"fullName":"SecurityMiddleware Suspicious Activity Detection should not flag legitimate queries","invocations":1,"location":null,"numPassingAsserts":0,"retryReasons":[],"status":"failed","title":"should not flag legitimate queries"},{"ancestorTitles":["SecurityMiddleware","Suspicious Activity Detection"],"duration":2,"failureDetails":[],"failureMessages":[],"fullName":"SecurityMiddleware Suspicious Activity Detection should truncate long queries in logs","invocations":1,"location":null,"numPassingAsserts":1,"retryReasons":[],"status":"passed","title":"should truncate long queries in logs"},{"ancestorTitles":["SecurityMiddleware","Security Event Management"],"duration":4,"failureDetails":[],"failureMessages":[],"fullName":"SecurityMiddleware Security Event Management should log all security events","invocations":1,"location":null,"numPassingAsserts":4,"retryReasons":[],"status":"passed","title":"should log all security events"},{"ancestorTitles":["SecurityMiddleware","Security Event Management"],"duration":6,"failureDetails":[],"failureMessages":[],"fullName":"SecurityMiddleware Security Event Management should filter events by type","invocations":1,"location":null,"numPassingAsserts":2,"retryReasons":[],"status":"passed","title":"should filter events by type"},{"ancestorTitles":["SecurityMiddleware","Security Event Management"],"duration":3,"failureDetails":[],"failureMessages":[],"fullName":"SecurityMiddleware Security Event Management should filter events by user","invocations":1,"location":null,"numPassingAsserts":2,"retryReasons":[],"status":"passed","title":"should filter events by user"},{"ancestorTitles":["SecurityMiddleware","Security Event Management"],"duration":2,"failureDetails":[],"failureMessages":[],"fullName":"SecurityMiddleware Security Event Management should filter events by time","invocations":1,"location":null,"numPassingAsserts":2,"retryReasons":[],"status":"passed","title":"should filter events by time"},{"ancestorTitles":["SecurityMiddleware","Security Event Management"],"duration":447,"failureDetails":[],"failureMessages":[],"fullName":"SecurityMiddleware Security Event Management should limit stored events","invocations":1,"location":null,"numPassingAsserts":2,"retryReasons":[],"status":"passed","title":"should limit stored events"},{"ancestorTitles":["SecurityMiddleware","Security Event Management"],"duration":14,"failureDetails":[],"failureMessages":[],"fullName":"SecurityMiddleware Security Event Management should persist critical events to database","invocations":1,"location":null,"numPassingAsserts":2,"retryReasons":[],"status":"passed","title":"should persist critical events to database"},{"ancestorTitles":["SecurityMiddleware","Security Report"],"duration":5,"failureDetails":[],"failureMessages":[],"fullName":"SecurityMiddleware Security Report should generate comprehensive security report","invocations":1,"location":null,"numPassingAsserts":5,"retryReasons":[],"status":"passed","title":"should generate comprehensive security report"},{"ancestorTitles":["SecurityMiddleware","createContext"],"duration":2,"failureDetails":[],"failureMessages":[],"fullName":"SecurityMiddleware createContext should create context from authenticated user","invocations":1,"location":null,"numPassingAsserts":1,"retryReasons":[],"status":"passed","title":"should create context from authenticated user"},{"ancestorTitles":["SecurityMiddleware","createContext"],"duration":0,"failureDetails":[],"failureMessages":[],"fullName":"SecurityMiddleware createContext should return null for unauthenticated user","invocations":1,"location":null,"numPassingAsserts":1,"retryReasons":[],"status":"passed","title":"should return null for unauthenticated user"},{"ancestorTitles":["SecurityMiddleware","createContext"],"duration":1,"failureDetails":[],"failureMessages":[],"fullName":"SecurityMiddleware createContext should handle missing profile gracefully","invocations":1,"location":null,"numPassingAsserts":1,"retryReasons":[],"status":"passed","title":"should handle missing profile gracefully"}],"endTime":1749418883559,"message":"  ● SecurityMiddleware › Suspicious Activity Detection › should detect SQL injection patterns\n\n    expect(received).toBeGreaterThanOrEqual(expected)\n\n    Expected: >= 5\n    Received:    4\n\n      323 |\n      324 |       const events = middleware.getSecurityEvents({ type: 'suspicious_activity' })\n    > 325 |       expect(events.length).toBeGreaterThanOrEqual(maliciousQueries.length)\n          |                             ^\n      326 |     })\n      327 |\n      328 |     it('should detect dangerous SQL commands', () => {\n\n      at Object.toBeGreaterThanOrEqual (__tests__/lib/db/security/middleware.test.ts:325:29)\n\n  ● SecurityMiddleware › Suspicious Activity Detection › should not flag legitimate queries\n\n    expect(received).toHaveLength(expected)\n\n    Expected length: 0\n    Received length: 1\n    Received array:  [{\"action\": \"detected\", \"metadata\": {\"pattern\": \"(;|--|\\\\*|xp_|sp_)\", \"query\": \"SELECT * FROM opportunities WHERE agency = 'Department of Defense'\"}, \"resource\": \"query\", \"timestamp\": 2025-06-08T21:41:23.036Z, \"type\": \"suspicious_activity\", \"userId\": \"test-user-id\"}]\n\n      353 |\n      354 |       const events = middleware.getSecurityEvents({ type: 'suspicious_activity' })\n    > 355 |       expect(events).toHaveLength(0)\n          |                      ^\n      356 |     })\n      357 |\n      358 |     it('should truncate long queries in logs', () => {\n\n      at Object.toHaveLength (__tests__/lib/db/security/middleware.test.ts:355:22)\n","name":"/home/locklearwyatt/projects/medcontracthub/__tests__/lib/db/security/middleware.test.ts","startTime":1749418881313,"status":"failed","summary":""}],"wasInterrupted":false}
